0:0:0:0:0:0:0:1 - - [02/июн./2018:09:32:20 +0300] "GET / HTTP/1.1" 200 7991
0:0:0:0:0:0:0:1 - - [02/июн./2018:09:32:20 +0300] "GET /files/fitnesse/css/fitnesse_wiki.css HTTP/1.1" 200 4144
0:0:0:0:0:0:0:1 - - [02/июн./2018:09:32:20 +0300] "GET /files/fitnesse/css/fitnesse_pages.css HTTP/1.1" 200 6119
0:0:0:0:0:0:0:1 - - [02/июн./2018:09:32:20 +0300] "GET /files/fitnesse/wysiwyg/wysiwyg.css HTTP/1.1" 200 4255
0:0:0:0:0:0:0:1 - - [02/июн./2018:09:32:20 +0300] "GET /files/fitnesse/bootstrap/css/fitnesse-bootstrap.css HTTP/1.1" 200 148963
0:0:0:0:0:0:0:1 - - [02/июн./2018:09:32:20 +0300] "GET /files/fitnesse/javascript/jquery-1.11.3.min.js HTTP/1.1" 200 95957
0:0:0:0:0:0:0:1 - - [02/июн./2018:09:32:20 +0300] "GET /files/fitnesse/javascript/fitnesse.js HTTP/1.1" 200 7326
0:0:0:0:0:0:0:1 - - [02/июн./2018:09:32:20 +0300] "GET /files/fitnesse/bootstrap/js/bootstrap.js HTTP/1.1" 200 68954
0:0:0:0:0:0:0:1 - - [02/июн./2018:09:32:20 +0300] "GET /files/fitnesse/bootstrap/js/respond.js HTTP/1.1" 200 9746
0:0:0:0:0:0:0:1 - - [02/июн./2018:09:32:20 +0300] "GET /files/fitnesse/javascript/mousetrap.min.js HTTP/1.1" 200 3850
0:0:0:0:0:0:0:1 - - [02/июн./2018:09:32:21 +0300] "GET /files/fitnesse/images/fitnesse-logo-small.png HTTP/1.1" 200 10408
0:0:0:0:0:0:0:1 - - [02/июн./2018:09:32:24 +0300] "GET /FrontPage.GoogleChrome HTTP/1.1" 200 9665
0:0:0:0:0:0:0:1 - - [02/июн./2018:09:32:24 +0300] "GET /files/fitnesse/wysiwyg/wysiwyg.css HTTP/1.1" 304 0
0:0:0:0:0:0:0:1 - - [02/июн./2018:09:32:24 +0300] "GET /files/fitnesse/css/fitnesse_pages.css HTTP/1.1" 304 0
0:0:0:0:0:0:0:1 - - [02/июн./2018:09:32:24 +0300] "GET /files/fitnesse/css/fitnesse_wiki.css HTTP/1.1" 304 0
0:0:0:0:0:0:0:1 - - [02/июн./2018:09:32:24 +0300] "GET /files/fitnesse/bootstrap/css/fitnesse-bootstrap.css HTTP/1.1" 304 0
0:0:0:0:0:0:0:1 - - [02/июн./2018:09:32:24 +0300] "GET /files/fitnesse/bootstrap/js/respond.js HTTP/1.1" 304 0
0:0:0:0:0:0:0:1 - - [02/июн./2018:09:32:24 +0300] "GET /files/fitnesse/javascript/mousetrap.min.js HTTP/1.1" 304 0
0:0:0:0:0:0:0:1 - - [02/июн./2018:09:32:24 +0300] "GET /files/fitnesse/javascript/jquery-1.11.3.min.js HTTP/1.1" 304 0
0:0:0:0:0:0:0:1 - - [02/июн./2018:09:32:24 +0300] "GET /files/fitnesse/bootstrap/js/bootstrap.js HTTP/1.1" 304 0
0:0:0:0:0:0:0:1 - - [02/июн./2018:09:32:24 +0300] "GET /files/fitnesse/javascript/fitnesse.js HTTP/1.1" 304 0
0:0:0:0:0:0:0:1 - - [02/июн./2018:09:32:24 +0300] "GET /files/fitnesse/images/fitnesse-logo-small.png HTTP/1.1" 304 0
0:0:0:0:0:0:0:1 - - [02/июн./2018:09:32:27 +0300] "GET /FrontPage.GoogleChrome.InstrumentStatic HTTP/1.1" 200 12533
0:0:0:0:0:0:0:1 - - [02/июн./2018:09:32:27 +0300] "GET /files/fitnesse/css/fitnesse_pages.css HTTP/1.1" 304 0
0:0:0:0:0:0:0:1 - - [02/июн./2018:09:32:27 +0300] "GET /files/fitnesse/wysiwyg/wysiwyg.css HTTP/1.1" 304 0
0:0:0:0:0:0:0:1 - - [02/июн./2018:09:32:27 +0300] "GET /files/fitnesse/bootstrap/css/fitnesse-bootstrap.css HTTP/1.1" 304 0
0:0:0:0:0:0:0:1 - - [02/июн./2018:09:32:27 +0300] "GET /files/fitnesse/javascript/jquery-1.11.3.min.js HTTP/1.1" 304 0
0:0:0:0:0:0:0:1 - - [02/июн./2018:09:32:27 +0300] "GET /files/fitnesse/javascript/fitnesse.js HTTP/1.1" 304 0
0:0:0:0:0:0:0:1 - - [02/июн./2018:09:32:27 +0300] "GET /files/fitnesse/css/fitnesse_wiki.css HTTP/1.1" 304 0
0:0:0:0:0:0:0:1 - - [02/июн./2018:09:32:27 +0300] "GET /files/fitnesse/bootstrap/js/bootstrap.js HTTP/1.1" 304 0
0:0:0:0:0:0:0:1 - - [02/июн./2018:09:32:27 +0300] "GET /files/fitnesse/bootstrap/js/respond.js HTTP/1.1" 304 0
0:0:0:0:0:0:0:1 - - [02/июн./2018:09:32:27 +0300] "GET /files/fitnesse/javascript/mousetrap.min.js HTTP/1.1" 304 0
0:0:0:0:0:0:0:1 - - [02/июн./2018:09:32:27 +0300] "GET /files/fitnesse/images/fitnesse-logo-small.png HTTP/1.1" 304 0
0:0:0:0:0:0:0:1 - - [02/июн./2018:09:32:30 +0300] "GET /FrontPage.GoogleChrome.InstrumentStatic.PartI.InstrumentStaticCreation HTTP/1.1" 200 14017
0:0:0:0:0:0:0:1 - - [02/июн./2018:09:32:30 +0300] "GET /files/fitnesse/css/fitnesse_wiki.css HTTP/1.1" 304 0
0:0:0:0:0:0:0:1 - - [02/июн./2018:09:32:30 +0300] "GET /files/fitnesse/css/fitnesse_pages.css HTTP/1.1" 304 0
0:0:0:0:0:0:0:1 - - [02/июн./2018:09:32:30 +0300] "GET /files/fitnesse/bootstrap/css/fitnesse-bootstrap.css HTTP/1.1" 304 0
0:0:0:0:0:0:0:1 - - [02/июн./2018:09:32:30 +0300] "GET /files/fitnesse/wysiwyg/wysiwyg.css HTTP/1.1" 304 0
0:0:0:0:0:0:0:1 - - [02/июн./2018:09:32:30 +0300] "GET /files/fitnesse/javascript/fitnesse.js HTTP/1.1" 304 0
0:0:0:0:0:0:0:1 - - [02/июн./2018:09:32:30 +0300] "GET /files/fitnesse/javascript/jquery-1.11.3.min.js HTTP/1.1" 304 0
0:0:0:0:0:0:0:1 - - [02/июн./2018:09:32:30 +0300] "GET /files/fitnesse/bootstrap/js/bootstrap.js HTTP/1.1" 304 0
0:0:0:0:0:0:0:1 - - [02/июн./2018:09:32:30 +0300] "GET /files/fitnesse/bootstrap/js/respond.js HTTP/1.1" 304 0
0:0:0:0:0:0:0:1 - - [02/июн./2018:09:32:30 +0300] "GET /files/fitnesse/javascript/mousetrap.min.js HTTP/1.1" 304 0
0:0:0:0:0:0:0:1 - - [02/июн./2018:09:32:30 +0300] "GET /files/fitnesse/images/fitnesse-logo-small.png HTTP/1.1" 304 0
0:0:0:0:0:0:0:1 - - [02/июн./2018:09:32:35 +0300] "GET /files/fitnesse/css/fitnesse_wiki.css HTTP/1.1" 304 0
0:0:0:0:0:0:0:1 - - [02/июн./2018:09:32:35 +0300] "GET /files/fitnesse/javascript/jquery-1.11.3.min.js HTTP/1.1" 304 0
0:0:0:0:0:0:0:1 - - [02/июн./2018:09:32:35 +0300] "GET /files/fitnesse/css/fitnesse_pages.css HTTP/1.1" 304 0
0:0:0:0:0:0:0:1 - - [02/июн./2018:09:32:35 +0300] "GET /files/fitnesse/bootstrap/css/fitnesse-bootstrap.css HTTP/1.1" 304 0
0:0:0:0:0:0:0:1 - - [02/июн./2018:09:32:35 +0300] "GET /files/fitnesse/wysiwyg/wysiwyg.css HTTP/1.1" 304 0
0:0:0:0:0:0:0:1 - - [02/июн./2018:09:32:35 +0300] "GET /files/fitnesse/javascript/fitnesse.js HTTP/1.1" 304 0
0:0:0:0:0:0:0:1 - - [02/июн./2018:09:32:35 +0300] "GET /files/fitnesse/bootstrap/js/bootstrap.js HTTP/1.1" 304 0
0:0:0:0:0:0:0:1 - - [02/июн./2018:09:32:35 +0300] "GET /files/fitnesse/bootstrap/js/respond.js HTTP/1.1" 304 0
0:0:0:0:0:0:0:1 - - [02/июн./2018:09:32:35 +0300] "GET /files/fitnesse/images/fitnesse-logo-small.png HTTP/1.1" 304 0
0:0:0:0:0:0:0:1 - - [02/июн./2018:09:34:40 +0300] "GET /FrontPage.GoogleChrome.InstrumentStatic.PartI.InstrumentStaticCreation?responder=stoptest&id=1 HTTP/1.1" 200 1993
0:0:0:0:0:0:0:1 - - [02/июн./2018:09:34:40 +0300] "GET /files/fitnesse/images/exception.png HTTP/1.1" 200 3104
0:0:0:0:0:0:0:1 - - [02/июн./2018:09:34:41 +0300] "GET /files/fitnesse/javascript/mousetrap.min.js HTTP/1.1" 304 0
0:0:0:0:0:0:0:1 - - [02/июн./2018:09:34:54 +0300] "GET /FrontPage.GoogleChrome.InstrumentStatic.PartI.InstrumentStaticCreation HTTP/1.1" 200 14017
0:0:0:0:0:0:0:1 - - [02/июн./2018:09:34:54 +0300] "GET /files/fitnesse/css/fitnesse_pages.css HTTP/1.1" 304 0
0:0:0:0:0:0:0:1 - - [02/июн./2018:09:34:54 +0300] "GET /files/fitnesse/wysiwyg/wysiwyg.css HTTP/1.1" 304 0
0:0:0:0:0:0:0:1 - - [02/июн./2018:09:34:54 +0300] "GET /files/fitnesse/bootstrap/css/fitnesse-bootstrap.css HTTP/1.1" 304 0
0:0:0:0:0:0:0:1 - - [02/июн./2018:09:34:54 +0300] "GET /files/fitnesse/javascript/jquery-1.11.3.min.js HTTP/1.1" 304 0
0:0:0:0:0:0:0:1 - - [02/июн./2018:09:34:54 +0300] "GET /files/fitnesse/javascript/fitnesse.js HTTP/1.1" 304 0
0:0:0:0:0:0:0:1 - - [02/июн./2018:09:34:54 +0300] "GET /files/fitnesse/bootstrap/js/bootstrap.js HTTP/1.1" 304 0
0:0:0:0:0:0:0:1 - - [02/июн./2018:09:34:54 +0300] "GET /files/fitnesse/javascript/mousetrap.min.js HTTP/1.1" 304 0
0:0:0:0:0:0:0:1 - - [02/июн./2018:09:34:54 +0300] "GET /files/fitnesse/bootstrap/js/respond.js HTTP/1.1" 304 0
0:0:0:0:0:0:0:1 - - [02/июн./2018:09:34:54 +0300] "GET /files/fitnesse/css/fitnesse_wiki.css HTTP/1.1" 304 0
0:0:0:0:0:0:0:1 - - [02/июн./2018:09:34:54 +0300] "GET /files/fitnesse/images/fitnesse-logo-small.png HTTP/1.1" 304 0
0:0:0:0:0:0:0:1 - - [02/июн./2018:09:43:28 +0300] "GET /FrontPage HTTP/1.1" 200 7991
0:0:0:0:0:0:0:1 - - [02/июн./2018:09:43:28 +0300] "GET /files/fitnesse/javascript/jquery-1.11.3.min.js HTTP/1.1" 304 0
0:0:0:0:0:0:0:1 - - [02/июн./2018:09:43:28 +0300] "GET /files/fitnesse/bootstrap/css/fitnesse-bootstrap.css HTTP/1.1" 304 0
0:0:0:0:0:0:0:1 - - [02/июн./2018:09:43:28 +0300] "GET /files/fitnesse/wysiwyg/wysiwyg.css HTTP/1.1" 304 0
0:0:0:0:0:0:0:1 - - [02/июн./2018:09:43:28 +0300] "GET /files/fitnesse/bootstrap/js/bootstrap.js HTTP/1.1" 304 0
0:0:0:0:0:0:0:1 - - [02/июн./2018:09:43:28 +0300] "GET /files/fitnesse/bootstrap/js/respond.js HTTP/1.1" 304 0
0:0:0:0:0:0:0:1 - - [02/июн./2018:09:43:28 +0300] "GET /files/fitnesse/css/fitnesse_pages.css HTTP/1.1" 304 0
0:0:0:0:0:0:0:1 - - [02/июн./2018:09:43:28 +0300] "GET /files/fitnesse/css/fitnesse_wiki.css HTTP/1.1" 304 0
0:0:0:0:0:0:0:1 - - [02/июн./2018:09:43:28 +0300] "GET /files/fitnesse/javascript/mousetrap.min.js HTTP/1.1" 304 0
0:0:0:0:0:0:0:1 - - [02/июн./2018:09:43:28 +0300] "GET /files/fitnesse/javascript/fitnesse.js HTTP/1.1" 304 0
0:0:0:0:0:0:0:1 - - [02/июн./2018:09:43:28 +0300] "GET /files/fitnesse/images/fitnesse-logo-small.png HTTP/1.1" 304 0
0:0:0:0:0:0:0:1 - - [02/июн./2018:09:43:30 +0300] "GET /FrontPage.GoogleChrome HTTP/1.1" 200 9665
0:0:0:0:0:0:0:1 - - [02/июн./2018:09:43:30 +0300] "GET /files/fitnesse/css/fitnesse_wiki.css HTTP/1.1" 304 0
0:0:0:0:0:0:0:1 - - [02/июн./2018:09:43:30 +0300] "GET /files/fitnesse/css/fitnesse_pages.css HTTP/1.1" 304 0
0:0:0:0:0:0:0:1 - - [02/июн./2018:09:43:30 +0300] "GET /files/fitnesse/wysiwyg/wysiwyg.css HTTP/1.1" 304 0
0:0:0:0:0:0:0:1 - - [02/июн./2018:09:43:30 +0300] "GET /files/fitnesse/bootstrap/css/fitnesse-bootstrap.css HTTP/1.1" 304 0
0:0:0:0:0:0:0:1 - - [02/июн./2018:09:43:30 +0300] "GET /files/fitnesse/javascript/jquery-1.11.3.min.js HTTP/1.1" 304 0
0:0:0:0:0:0:0:1 - - [02/июн./2018:09:43:30 +0300] "GET /files/fitnesse/javascript/fitnesse.js HTTP/1.1" 304 0
0:0:0:0:0:0:0:1 - - [02/июн./2018:09:43:30 +0300] "GET /files/fitnesse/bootstrap/js/bootstrap.js HTTP/1.1" 304 0
0:0:0:0:0:0:0:1 - - [02/июн./2018:09:43:30 +0300] "GET /files/fitnesse/bootstrap/js/respond.js HTTP/1.1" 304 0
0:0:0:0:0:0:0:1 - - [02/июн./2018:09:43:30 +0300] "GET /files/fitnesse/javascript/mousetrap.min.js HTTP/1.1" 304 0
0:0:0:0:0:0:0:1 - - [02/июн./2018:09:43:30 +0300] "GET /files/fitnesse/images/fitnesse-logo-small.png HTTP/1.1" 304 0
0:0:0:0:0:0:0:1 - - [02/июн./2018:09:43:33 +0300] "GET /FrontPage.GoogleChrome.InstrumentStatic HTTP/1.1" 200 12533
0:0:0:0:0:0:0:1 - - [02/июн./2018:09:43:33 +0300] "GET /files/fitnesse/css/fitnesse_wiki.css HTTP/1.1" 304 0
0:0:0:0:0:0:0:1 - - [02/июн./2018:09:43:33 +0300] "GET /files/fitnesse/css/fitnesse_pages.css HTTP/1.1" 304 0
0:0:0:0:0:0:0:1 - - [02/июн./2018:09:43:33 +0300] "GET /files/fitnesse/wysiwyg/wysiwyg.css HTTP/1.1" 304 0
0:0:0:0:0:0:0:1 - - [02/июн./2018:09:43:33 +0300] "GET /files/fitnesse/bootstrap/css/fitnesse-bootstrap.css HTTP/1.1" 304 0
0:0:0:0:0:0:0:1 - - [02/июн./2018:09:43:33 +0300] "GET /files/fitnesse/javascript/jquery-1.11.3.min.js HTTP/1.1" 304 0
0:0:0:0:0:0:0:1 - - [02/июн./2018:09:43:33 +0300] "GET /files/fitnesse/javascript/fitnesse.js HTTP/1.1" 304 0
0:0:0:0:0:0:0:1 - - [02/июн./2018:09:43:33 +0300] "GET /files/fitnesse/bootstrap/js/bootstrap.js HTTP/1.1" 304 0
0:0:0:0:0:0:0:1 - - [02/июн./2018:09:43:33 +0300] "GET /files/fitnesse/bootstrap/js/respond.js HTTP/1.1" 304 0
0:0:0:0:0:0:0:1 - - [02/июн./2018:09:43:33 +0300] "GET /files/fitnesse/javascript/mousetrap.min.js HTTP/1.1" 304 0
0:0:0:0:0:0:0:1 - - [02/июн./2018:09:43:33 +0300] "GET /files/fitnesse/images/fitnesse-logo-small.png HTTP/1.1" 304 0
0:0:0:0:0:0:0:1 - - [02/июн./2018:09:49:20 +0300] "GET /FrontPage.GoogleChrome.InstrumentStatic.PartI.InstrumentStaticCreation HTTP/1.1" 200 14017
0:0:0:0:0:0:0:1 - - [02/июн./2018:09:49:20 +0300] "GET /files/fitnesse/javascript/jquery-1.11.3.min.js HTTP/1.1" 304 0
0:0:0:0:0:0:0:1 - - [02/июн./2018:09:49:20 +0300] "GET /files/fitnesse/bootstrap/css/fitnesse-bootstrap.css HTTP/1.1" 304 0
0:0:0:0:0:0:0:1 - - [02/июн./2018:09:49:20 +0300] "GET /files/fitnesse/wysiwyg/wysiwyg.css HTTP/1.1" 304 0
0:0:0:0:0:0:0:1 - - [02/июн./2018:09:49:20 +0300] "GET /files/fitnesse/css/fitnesse_pages.css HTTP/1.1" 304 0
0:0:0:0:0:0:0:1 - - [02/июн./2018:09:49:20 +0300] "GET /files/fitnesse/css/fitnesse_wiki.css HTTP/1.1" 304 0
0:0:0:0:0:0:0:1 - - [02/июн./2018:09:49:20 +0300] "GET /files/fitnesse/javascript/fitnesse.js HTTP/1.1" 304 0
0:0:0:0:0:0:0:1 - - [02/июн./2018:09:49:20 +0300] "GET /files/fitnesse/bootstrap/js/bootstrap.js HTTP/1.1" 304 0
0:0:0:0:0:0:0:1 - - [02/июн./2018:09:49:20 +0300] "GET /files/fitnesse/bootstrap/js/respond.js HTTP/1.1" 304 0
0:0:0:0:0:0:0:1 - - [02/июн./2018:09:49:20 +0300] "GET /files/fitnesse/javascript/mousetrap.min.js HTTP/1.1" 304 0
0:0:0:0:0:0:0:1 - - [02/июн./2018:09:49:20 +0300] "GET /files/fitnesse/images/fitnesse-logo-small.png HTTP/1.1" 304 0
0:0:0:0:0:0:0:1 - - [02/июн./2018:09:49:22 +0300] "GET /files/fitnesse/javascript/jquery-1.11.3.min.js HTTP/1.1" 304 0
0:0:0:0:0:0:0:1 - - [02/июн./2018:09:49:22 +0300] "GET /files/fitnesse/bootstrap/css/fitnesse-bootstrap.css HTTP/1.1" 304 0
0:0:0:0:0:0:0:1 - - [02/июн./2018:09:49:22 +0300] "GET /files/fitnesse/wysiwyg/wysiwyg.css HTTP/1.1" 304 0
0:0:0:0:0:0:0:1 - - [02/июн./2018:09:49:22 +0300] "GET /files/fitnesse/css/fitnesse_pages.css HTTP/1.1" 304 0
0:0:0:0:0:0:0:1 - - [02/июн./2018:09:49:22 +0300] "GET /files/fitnesse/css/fitnesse_wiki.css HTTP/1.1" 304 0
0:0:0:0:0:0:0:1 - - [02/июн./2018:09:49:22 +0300] "GET /files/fitnesse/javascript/fitnesse.js HTTP/1.1" 304 0
0:0:0:0:0:0:0:1 - - [02/июн./2018:09:49:22 +0300] "GET /files/fitnesse/bootstrap/js/bootstrap.js HTTP/1.1" 304 0
0:0:0:0:0:0:0:1 - - [02/июн./2018:09:49:22 +0300] "GET /files/fitnesse/bootstrap/js/respond.js HTTP/1.1" 304 0
0:0:0:0:0:0:0:1 - - [02/июн./2018:09:49:22 +0300] "GET /files/fitnesse/images/fitnesse-logo-small.png HTTP/1.1" 304 0
0:0:0:0:0:0:0:1 - - [02/июн./2018:09:51:30 +0300] "GET /files/fitnesse/images/collapsibleClosed.png HTTP/1.1" 200 1748
0:0:0:0:0:0:0:1 - - [02/июн./2018:09:51:31 +0300] "GET /files/fitnesse/images/collapsibleOpen.png HTTP/1.1" 200 1784
0:0:0:0:0:0:0:1 - - [02/июн./2018:09:51:51 +0300] "GET /FrontPage.GoogleChrome.InstrumentStatic.PartI.InstrumentStaticCreation?responder=stoptest&id=2 HTTP/1.1" 200 1993
0:0:0:0:0:0:0:1 - - [02/июн./2018:09:51:51 +0300] "GET /files/fitnesse/images/exception.png HTTP/1.1" 304 0
0:0:0:0:0:0:0:1 - - [02/июн./2018:09:51:51 +0300] "GET /FrontPage.GoogleChrome.InstrumentStatic.PartI.InstrumentStaticCreation?test HTTP/1.1" 200 88133
0:0:0:0:0:0:0:1 - - [02/июн./2018:09:51:51 +0300] "GET /files/fitnesse/javascript/mousetrap.min.js HTTP/1.1" 304 0
0:0:0:0:0:0:0:1 - - [02/июн./2018:09:51:53 +0300] "GET /FrontPage.GoogleChrome.InstrumentStatic.PartI.InstrumentStaticCreation HTTP/1.1" 200 14017
0:0:0:0:0:0:0:1 - - [02/июн./2018:09:51:53 +0300] "GET /files/fitnesse/css/fitnesse_wiki.css HTTP/1.1" 304 0
0:0:0:0:0:0:0:1 - - [02/июн./2018:09:51:53 +0300] "GET /files/fitnesse/javascript/fitnesse.js HTTP/1.1" 304 0
0:0:0:0:0:0:0:1 - - [02/июн./2018:09:51:53 +0300] "GET /files/fitnesse/javascript/jquery-1.11.3.min.js HTTP/1.1" 304 0
0:0:0:0:0:0:0:1 - - [02/июн./2018:09:51:53 +0300] "GET /files/fitnesse/bootstrap/css/fitnesse-bootstrap.css HTTP/1.1" 304 0
0:0:0:0:0:0:0:1 - - [02/июн./2018:09:51:53 +0300] "GET /files/fitnesse/wysiwyg/wysiwyg.css HTTP/1.1" 304 0
0:0:0:0:0:0:0:1 - - [02/июн./2018:09:51:53 +0300] "GET /files/fitnesse/bootstrap/js/bootstrap.js HTTP/1.1" 304 0
0:0:0:0:0:0:0:1 - - [02/июн./2018:09:51:53 +0300] "GET /files/fitnesse/javascript/mousetrap.min.js HTTP/1.1" 304 0
0:0:0:0:0:0:0:1 - - [02/июн./2018:09:51:53 +0300] "GET /files/fitnesse/bootstrap/js/respond.js HTTP/1.1" 304 0
0:0:0:0:0:0:0:1 - - [02/июн./2018:09:51:53 +0300] "GET /files/fitnesse/css/fitnesse_pages.css HTTP/1.1" 304 0
0:0:0:0:0:0:0:1 - - [02/июн./2018:09:51:53 +0300] "GET /files/fitnesse/images/fitnesse-logo-small.png HTTP/1.1" 304 0
0:0:0:0:0:0:0:1 - - [02/июн./2018:09:52:31 +0300] "GET /files/fitnesse/css/fitnesse_wiki.css HTTP/1.1" 304 0
0:0:0:0:0:0:0:1 - - [02/июн./2018:09:52:31 +0300] "GET /files/fitnesse/css/fitnesse_pages.css HTTP/1.1" 304 0
0:0:0:0:0:0:0:1 - - [02/июн./2018:09:52:31 +0300] "GET /files/fitnesse/wysiwyg/wysiwyg.css HTTP/1.1" 304 0
0:0:0:0:0:0:0:1 - - [02/июн./2018:09:52:31 +0300] "GET /files/fitnesse/javascript/jquery-1.11.3.min.js HTTP/1.1" 304 0
0:0:0:0:0:0:0:1 - - [02/июн./2018:09:52:31 +0300] "GET /files/fitnesse/bootstrap/css/fitnesse-bootstrap.css HTTP/1.1" 304 0
0:0:0:0:0:0:0:1 - - [02/июн./2018:09:52:31 +0300] "GET /files/fitnesse/javascript/fitnesse.js HTTP/1.1" 304 0
0:0:0:0:0:0:0:1 - - [02/июн./2018:09:52:31 +0300] "GET /files/fitnesse/bootstrap/js/bootstrap.js HTTP/1.1" 304 0
0:0:0:0:0:0:0:1 - - [02/июн./2018:09:52:31 +0300] "GET /files/fitnesse/bootstrap/js/respond.js HTTP/1.1" 304 0
0:0:0:0:0:0:0:1 - - [02/июн./2018:09:52:31 +0300] "GET /files/fitnesse/images/fitnesse-logo-small.png HTTP/1.1" 304 0
0:0:0:0:0:0:0:1 - - [02/июн./2018:09:53:13 +0300] "GET /FrontPage.GoogleChrome.InstrumentStatic.PartI.InstrumentStaticCreation?responder=stoptest&id=3 HTTP/1.1" 200 1993
0:0:0:0:0:0:0:1 - - [02/июн./2018:09:53:13 +0300] "GET /FrontPage.GoogleChrome.InstrumentStatic.PartI.InstrumentStaticCreation?test HTTP/1.1" 200 13906
0:0:0:0:0:0:0:1 - - [02/июн./2018:09:53:13 +0300] "GET /files/fitnesse/javascript/mousetrap.min.js HTTP/1.1" 304 0
0:0:0:0:0:0:0:1 - - [02/июн./2018:09:53:13 +0300] "GET /files/fitnesse/images/exception.png HTTP/1.1" 304 0
0:0:0:0:0:0:0:1 - - [02/июн./2018:09:53:16 +0300] "GET /FrontPage.GoogleChrome.InstrumentStatic.PartI.InstrumentStaticCreation HTTP/1.1" 200 14017
0:0:0:0:0:0:0:1 - - [02/июн./2018:09:53:16 +0300] "GET /files/fitnesse/css/fitnesse_pages.css HTTP/1.1" 304 0
0:0:0:0:0:0:0:1 - - [02/июн./2018:09:53:16 +0300] "GET /files/fitnesse/javascript/jquery-1.11.3.min.js HTTP/1.1" 304 0
0:0:0:0:0:0:0:1 - - [02/июн./2018:09:53:16 +0300] "GET /files/fitnesse/bootstrap/css/fitnesse-bootstrap.css HTTP/1.1" 304 0
0:0:0:0:0:0:0:1 - - [02/июн./2018:09:53:16 +0300] "GET /files/fitnesse/wysiwyg/wysiwyg.css HTTP/1.1" 304 0
0:0:0:0:0:0:0:1 - - [02/июн./2018:09:53:16 +0300] "GET /files/fitnesse/javascript/fitnesse.js HTTP/1.1" 304 0
0:0:0:0:0:0:0:1 - - [02/июн./2018:09:53:16 +0300] "GET /files/fitnesse/bootstrap/js/bootstrap.js HTTP/1.1" 304 0
0:0:0:0:0:0:0:1 - - [02/июн./2018:09:53:16 +0300] "GET /files/fitnesse/bootstrap/js/respond.js HTTP/1.1" 304 0
0:0:0:0:0:0:0:1 - - [02/июн./2018:09:53:16 +0300] "GET /files/fitnesse/javascript/mousetrap.min.js HTTP/1.1" 304 0
0:0:0:0:0:0:0:1 - - [02/июн./2018:09:53:16 +0300] "GET /files/fitnesse/css/fitnesse_wiki.css HTTP/1.1" 304 0
0:0:0:0:0:0:0:1 - - [02/июн./2018:09:53:16 +0300] "GET /files/fitnesse/images/fitnesse-logo-small.png HTTP/1.1" 304 0
0:0:0:0:0:0:0:1 - - [02/июн./2018:09:55:41 +0300] "GET /FrontPage.GoogleChrome.InstrumentStatic.PartI.InstrumentStaticCreation HTTP/1.1" 200 14017
0:0:0:0:0:0:0:1 - - [02/июн./2018:09:55:41 +0300] "GET /files/fitnesse/css/fitnesse_wiki.css HTTP/1.1" 304 0
0:0:0:0:0:0:0:1 - - [02/июн./2018:09:55:41 +0300] "GET /files/fitnesse/css/fitnesse_pages.css HTTP/1.1" 304 0
0:0:0:0:0:0:0:1 - - [02/июн./2018:09:55:41 +0300] "GET /files/fitnesse/wysiwyg/wysiwyg.css HTTP/1.1" 304 0
0:0:0:0:0:0:0:1 - - [02/июн./2018:09:55:41 +0300] "GET /files/fitnesse/bootstrap/css/fitnesse-bootstrap.css HTTP/1.1" 304 0
0:0:0:0:0:0:0:1 - - [02/июн./2018:09:55:41 +0300] "GET /files/fitnesse/javascript/jquery-1.11.3.min.js HTTP/1.1" 304 0
0:0:0:0:0:0:0:1 - - [02/июн./2018:09:55:41 +0300] "GET /files/fitnesse/javascript/fitnesse.js HTTP/1.1" 304 0
0:0:0:0:0:0:0:1 - - [02/июн./2018:09:55:41 +0300] "GET /files/fitnesse/javascript/mousetrap.min.js HTTP/1.1" 304 0
0:0:0:0:0:0:0:1 - - [02/июн./2018:09:55:41 +0300] "GET /files/fitnesse/bootstrap/js/respond.js HTTP/1.1" 304 0
0:0:0:0:0:0:0:1 - - [02/июн./2018:09:55:41 +0300] "GET /files/fitnesse/bootstrap/js/bootstrap.js HTTP/1.1" 304 0
0:0:0:0:0:0:0:1 - - [02/июн./2018:09:55:41 +0300] "GET /files/fitnesse/images/fitnesse-logo-small.png HTTP/1.1" 304 0
0:0:0:0:0:0:0:1 - - [02/июн./2018:09:55:41 +0300] "GET /files/fitnesse/images/favicon.png HTTP/1.1" 200 6306
0:0:0:0:0:0:0:1 - - [02/июн./2018:09:55:44 +0300] "GET /files/fitnesse/css/fitnesse_wiki.css HTTP/1.1" 304 0
0:0:0:0:0:0:0:1 - - [02/июн./2018:09:55:44 +0300] "GET /files/fitnesse/css/fitnesse_pages.css HTTP/1.1" 304 0
0:0:0:0:0:0:0:1 - - [02/июн./2018:09:55:44 +0300] "GET /files/fitnesse/wysiwyg/wysiwyg.css HTTP/1.1" 304 0
0:0:0:0:0:0:0:1 - - [02/июн./2018:09:55:44 +0300] "GET /files/fitnesse/javascript/jquery-1.11.3.min.js HTTP/1.1" 304 0
0:0:0:0:0:0:0:1 - - [02/июн./2018:09:55:44 +0300] "GET /files/fitnesse/bootstrap/css/fitnesse-bootstrap.css HTTP/1.1" 304 0
0:0:0:0:0:0:0:1 - - [02/июн./2018:09:55:44 +0300] "GET /files/fitnesse/javascript/fitnesse.js HTTP/1.1" 304 0
0:0:0:0:0:0:0:1 - - [02/июн./2018:09:55:44 +0300] "GET /files/fitnesse/bootstrap/js/bootstrap.js HTTP/1.1" 304 0
0:0:0:0:0:0:0:1 - - [02/июн./2018:09:55:44 +0300] "GET /files/fitnesse/bootstrap/js/respond.js HTTP/1.1" 304 0
0:0:0:0:0:0:0:1 - - [02/июн./2018:09:55:44 +0300] "GET /files/fitnesse/images/fitnesse-logo-small.png HTTP/1.1" 304 0
0:0:0:0:0:0:0:1 - - [02/июн./2018:09:56:31 +0300] "GET /FrontPage.GoogleChrome.InstrumentStatic.PartI.InstrumentStaticCreation?responder=stoptest&id=4 HTTP/1.1" 200 1993
0:0:0:0:0:0:0:1 - - [02/июн./2018:09:56:31 +0300] "GET /files/fitnesse/images/exception.png HTTP/1.1" 304 0
0:0:0:0:0:0:0:1 - - [02/июн./2018:09:56:31 +0300] "GET /FrontPage.GoogleChrome.InstrumentStatic.PartI.InstrumentStaticCreation?test HTTP/1.1" 200 13906
0:0:0:0:0:0:0:1 - - [02/июн./2018:09:56:31 +0300] "GET /files/fitnesse/javascript/mousetrap.min.js HTTP/1.1" 304 0
0:0:0:0:0:0:0:1 - - [02/июн./2018:09:56:42 +0300] "GET /FrontPage.GoogleChrome.InstrumentStatic.PartI.InstrumentStaticCreation HTTP/1.1" 200 14017
0:0:0:0:0:0:0:1 - - [02/июн./2018:09:56:42 +0300] "GET /files/fitnesse/css/fitnesse_wiki.css HTTP/1.1" 304 0
0:0:0:0:0:0:0:1 - - [02/июн./2018:09:56:42 +0300] "GET /files/fitnesse/css/fitnesse_pages.css HTTP/1.1" 304 0
0:0:0:0:0:0:0:1 - - [02/июн./2018:09:56:42 +0300] "GET /files/fitnesse/bootstrap/css/fitnesse-bootstrap.css HTTP/1.1" 304 0
0:0:0:0:0:0:0:1 - - [02/июн./2018:09:56:42 +0300] "GET /files/fitnesse/wysiwyg/wysiwyg.css HTTP/1.1" 304 0
0:0:0:0:0:0:0:1 - - [02/июн./2018:09:56:42 +0300] "GET /files/fitnesse/javascript/fitnesse.js HTTP/1.1" 304 0
0:0:0:0:0:0:0:1 - - [02/июн./2018:09:56:42 +0300] "GET /files/fitnesse/javascript/jquery-1.11.3.min.js HTTP/1.1" 304 0
0:0:0:0:0:0:0:1 - - [02/июн./2018:09:56:42 +0300] "GET /files/fitnesse/bootstrap/js/bootstrap.js HTTP/1.1" 304 0
0:0:0:0:0:0:0:1 - - [02/июн./2018:09:56:42 +0300] "GET /files/fitnesse/javascript/mousetrap.min.js HTTP/1.1" 304 0
0:0:0:0:0:0:0:1 - - [02/июн./2018:09:56:42 +0300] "GET /files/fitnesse/bootstrap/js/respond.js HTTP/1.1" 304 0
0:0:0:0:0:0:0:1 - - [02/июн./2018:09:56:42 +0300] "GET /files/fitnesse/images/fitnesse-logo-small.png HTTP/1.1" 304 0
0:0:0:0:0:0:0:1 - - [02/июн./2018:10:06:21 +0300] "GET /FrontPage.GoogleChrome.InstrumentStatic.PartI.InstrumentStaticCreation HTTP/1.1" 200 14017
0:0:0:0:0:0:0:1 - - [02/июн./2018:10:06:21 +0300] "GET /files/fitnesse/javascript/jquery-1.11.3.min.js HTTP/1.1" 304 0
0:0:0:0:0:0:0:1 - - [02/июн./2018:10:06:21 +0300] "GET /files/fitnesse/bootstrap/css/fitnesse-bootstrap.css HTTP/1.1" 304 0
0:0:0:0:0:0:0:1 - - [02/июн./2018:10:06:21 +0300] "GET /files/fitnesse/wysiwyg/wysiwyg.css HTTP/1.1" 304 0
0:0:0:0:0:0:0:1 - - [02/июн./2018:10:06:21 +0300] "GET /files/fitnesse/bootstrap/js/bootstrap.js HTTP/1.1" 304 0
0:0:0:0:0:0:0:1 - - [02/июн./2018:10:06:21 +0300] "GET /files/fitnesse/css/fitnesse_pages.css HTTP/1.1" 304 0
0:0:0:0:0:0:0:1 - - [02/июн./2018:10:06:21 +0300] "GET /files/fitnesse/javascript/mousetrap.min.js HTTP/1.1" 304 0
0:0:0:0:0:0:0:1 - - [02/июн./2018:10:06:21 +0300] "GET /files/fitnesse/bootstrap/js/respond.js HTTP/1.1" 304 0
0:0:0:0:0:0:0:1 - - [02/июн./2018:10:06:21 +0300] "GET /files/fitnesse/javascript/fitnesse.js HTTP/1.1" 304 0
0:0:0:0:0:0:0:1 - - [02/июн./2018:10:06:21 +0300] "GET /files/fitnesse/css/fitnesse_wiki.css HTTP/1.1" 304 0
0:0:0:0:0:0:0:1 - - [02/июн./2018:10:06:21 +0300] "GET /files/fitnesse/images/fitnesse-logo-small.png HTTP/1.1" 304 0
0:0:0:0:0:0:0:1 - - [02/июн./2018:10:06:22 +0300] "GET /files/fitnesse/images/favicon.png HTTP/1.1" 200 6306
0:0:0:0:0:0:0:1 - - [02/июн./2018:10:06:26 +0300] "GET /files/fitnesse/css/fitnesse_wiki.css HTTP/1.1" 304 0
0:0:0:0:0:0:0:1 - - [02/июн./2018:10:06:26 +0300] "GET /files/fitnesse/css/fitnesse_pages.css HTTP/1.1" 304 0
0:0:0:0:0:0:0:1 - - [02/июн./2018:10:06:26 +0300] "GET /files/fitnesse/wysiwyg/wysiwyg.css HTTP/1.1" 304 0
0:0:0:0:0:0:0:1 - - [02/июн./2018:10:06:26 +0300] "GET /files/fitnesse/bootstrap/css/fitnesse-bootstrap.css HTTP/1.1" 304 0
0:0:0:0:0:0:0:1 - - [02/июн./2018:10:06:26 +0300] "GET /files/fitnesse/javascript/jquery-1.11.3.min.js HTTP/1.1" 304 0
0:0:0:0:0:0:0:1 - - [02/июн./2018:10:06:26 +0300] "GET /files/fitnesse/javascript/fitnesse.js HTTP/1.1" 304 0
0:0:0:0:0:0:0:1 - - [02/июн./2018:10:06:26 +0300] "GET /files/fitnesse/bootstrap/js/bootstrap.js HTTP/1.1" 304 0
0:0:0:0:0:0:0:1 - - [02/июн./2018:10:06:26 +0300] "GET /files/fitnesse/bootstrap/js/respond.js HTTP/1.1" 304 0
0:0:0:0:0:0:0:1 - - [02/июн./2018:10:06:26 +0300] "GET /files/fitnesse/images/fitnesse-logo-small.png HTTP/1.1" 304 0
0:0:0:0:0:0:0:1 - - [02/июн./2018:10:07:32 +0300] "GET /files/fitnesse/images/collapsibleClosed.png HTTP/1.1" 304 0
0:0:0:0:0:0:0:1 - - [02/июн./2018:10:07:34 +0300] "GET /FrontPage.GoogleChrome.InstrumentStatic.PartI.InstrumentStaticCreation?responder=stoptest&id=5 HTTP/1.1" 200 1993
0:0:0:0:0:0:0:1 - - [02/июн./2018:10:07:34 +0300] "GET /files/fitnesse/images/exception.png HTTP/1.1" 304 0
0:0:0:0:0:0:0:1 - - [02/июн./2018:10:07:34 +0300] "GET /FrontPage.GoogleChrome.InstrumentStatic.PartI.InstrumentStaticCreation?test HTTP/1.1" 200 24229
0:0:0:0:0:0:0:1 - - [02/июн./2018:10:07:34 +0300] "GET /files/fitnesse/javascript/mousetrap.min.js HTTP/1.1" 304 0
0:0:0:0:0:0:0:1 - - [02/июн./2018:10:07:36 +0300] "GET /files/fitnesse/images/collapsibleOpen.png HTTP/1.1" 304 0
0:0:0:0:0:0:0:1 - - [02/июн./2018:10:10:13 +0300] "GET /FrontPage.GoogleChrome.InstrumentStatic.PartI.InstrumentStaticCreation HTTP/1.1" 200 14017
0:0:0:0:0:0:0:1 - - [02/июн./2018:10:10:13 +0300] "GET /files/fitnesse/javascript/jquery-1.11.3.min.js HTTP/1.1" 304 0
0:0:0:0:0:0:0:1 - - [02/июн./2018:10:10:13 +0300] "GET /files/fitnesse/bootstrap/css/fitnesse-bootstrap.css HTTP/1.1" 304 0
0:0:0:0:0:0:0:1 - - [02/июн./2018:10:10:13 +0300] "GET /files/fitnesse/wysiwyg/wysiwyg.css HTTP/1.1" 304 0
0:0:0:0:0:0:0:1 - - [02/июн./2018:10:10:13 +0300] "GET /files/fitnesse/bootstrap/js/respond.js HTTP/1.1" 304 0
0:0:0:0:0:0:0:1 - - [02/июн./2018:10:10:13 +0300] "GET /files/fitnesse/javascript/fitnesse.js HTTP/1.1" 304 0
0:0:0:0:0:0:0:1 - - [02/июн./2018:10:10:13 +0300] "GET /files/fitnesse/css/fitnesse_pages.css HTTP/1.1" 304 0
0:0:0:0:0:0:0:1 - - [02/июн./2018:10:10:13 +0300] "GET /files/fitnesse/bootstrap/js/bootstrap.js HTTP/1.1" 304 0
0:0:0:0:0:0:0:1 - - [02/июн./2018:10:10:13 +0300] "GET /files/fitnesse/javascript/mousetrap.min.js HTTP/1.1" 304 0
0:0:0:0:0:0:0:1 - - [02/июн./2018:10:10:13 +0300] "GET /files/fitnesse/css/fitnesse_wiki.css HTTP/1.1" 304 0
0:0:0:0:0:0:0:1 - - [02/июн./2018:10:10:13 +0300] "GET /files/fitnesse/images/fitnesse-logo-small.png HTTP/1.1" 304 0
0:0:0:0:0:0:0:1 - - [02/июн./2018:10:10:16 +0300] "GET /FrontPage.GoogleChrome.InstrumentStatic.PartI.InstrumentStaticCreation HTTP/1.1" 200 14017
0:0:0:0:0:0:0:1 - - [02/июн./2018:10:10:16 +0300] "GET /files/fitnesse/css/fitnesse_wiki.css HTTP/1.1" 304 0
0:0:0:0:0:0:0:1 - - [02/июн./2018:10:10:16 +0300] "GET /files/fitnesse/css/fitnesse_pages.css HTTP/1.1" 304 0
0:0:0:0:0:0:0:1 - - [02/июн./2018:10:10:16 +0300] "GET /files/fitnesse/wysiwyg/wysiwyg.css HTTP/1.1" 304 0
0:0:0:0:0:0:0:1 - - [02/июн./2018:10:10:16 +0300] "GET /files/fitnesse/bootstrap/css/fitnesse-bootstrap.css HTTP/1.1" 304 0
0:0:0:0:0:0:0:1 - - [02/июн./2018:10:10:16 +0300] "GET /files/fitnesse/javascript/jquery-1.11.3.min.js HTTP/1.1" 304 0
0:0:0:0:0:0:0:1 - - [02/июн./2018:10:10:16 +0300] "GET /files/fitnesse/javascript/fitnesse.js HTTP/1.1" 304 0
0:0:0:0:0:0:0:1 - - [02/июн./2018:10:10:16 +0300] "GET /files/fitnesse/bootstrap/js/respond.js HTTP/1.1" 304 0
0:0:0:0:0:0:0:1 - - [02/июн./2018:10:10:16 +0300] "GET /files/fitnesse/bootstrap/js/bootstrap.js HTTP/1.1" 304 0
0:0:0:0:0:0:0:1 - - [02/июн./2018:10:10:16 +0300] "GET /files/fitnesse/javascript/mousetrap.min.js HTTP/1.1" 304 0
0:0:0:0:0:0:0:1 - - [02/июн./2018:10:10:16 +0300] "GET /files/fitnesse/images/fitnesse-logo-small.png HTTP/1.1" 304 0
0:0:0:0:0:0:0:1 - - [02/июн./2018:10:10:16 +0300] "GET /files/fitnesse/images/favicon.png HTTP/1.1" 200 6306
0:0:0:0:0:0:0:1 - - [02/июн./2018:10:10:44 +0300] "GET /files/fitnesse/bootstrap/css/fitnesse-bootstrap.css HTTP/1.1" 304 0
0:0:0:0:0:0:0:1 - - [02/июн./2018:10:10:44 +0300] "GET /files/fitnesse/wysiwyg/wysiwyg.css HTTP/1.1" 304 0
0:0:0:0:0:0:0:1 - - [02/июн./2018:10:10:44 +0300] "GET /files/fitnesse/css/fitnesse_pages.css HTTP/1.1" 304 0
0:0:0:0:0:0:0:1 - - [02/июн./2018:10:10:44 +0300] "GET /files/fitnesse/javascript/fitnesse.js HTTP/1.1" 304 0
0:0:0:0:0:0:0:1 - - [02/июн./2018:10:10:44 +0300] "GET /files/fitnesse/css/fitnesse_wiki.css HTTP/1.1" 304 0
0:0:0:0:0:0:0:1 - - [02/июн./2018:10:10:44 +0300] "GET /files/fitnesse/javascript/jquery-1.11.3.min.js HTTP/1.1" 304 0
0:0:0:0:0:0:0:1 - - [02/июн./2018:10:10:44 +0300] "GET /files/fitnesse/bootstrap/js/bootstrap.js HTTP/1.1" 304 0
0:0:0:0:0:0:0:1 - - [02/июн./2018:10:10:44 +0300] "GET /files/fitnesse/bootstrap/js/respond.js HTTP/1.1" 304 0
0:0:0:0:0:0:0:1 - - [02/июн./2018:10:10:44 +0300] "GET /files/fitnesse/images/fitnesse-logo-small.png HTTP/1.1" 304 0
0:0:0:0:0:0:0:1 - - [02/июн./2018:10:11:59 +0300] "GET /FrontPage.GoogleChrome.InstrumentStatic.PartI.InstrumentStaticCreation?test HTTP/1.1" 200 43484
0:0:0:0:0:0:0:1 - - [02/июн./2018:10:11:59 +0300] "GET /files/fitnesse/javascript/mousetrap.min.js HTTP/1.1" 304 0
0:0:0:0:0:0:0:1 - - [02/июн./2018:10:11:59 +0300] "GET /files/fitnesse/images/collapsibleClosed.png HTTP/1.1" 304 0
0:0:0:0:0:0:0:1 - - [02/июн./2018:10:11:59 +0300] "GET /files/fitnesse/images/exception.png HTTP/1.1" 304 0
0:0:0:0:0:0:0:1 - - [02/июн./2018:10:12:10 +0300] "GET /files/fitnesse/images/collapsibleOpen.png HTTP/1.1" 304 0
0:0:0:0:0:0:0:1 - - [02/июн./2018:10:12:35 +0300] "GET /FrontPage.GoogleChrome.InstrumentStatic.PartI.InstrumentStaticCreation HTTP/1.1" 200 14017
0:0:0:0:0:0:0:1 - - [02/июн./2018:10:12:35 +0300] "GET /files/fitnesse/css/fitnesse_wiki.css HTTP/1.1" 304 0
0:0:0:0:0:0:0:1 - - [02/июн./2018:10:12:35 +0300] "GET /files/fitnesse/css/fitnesse_pages.css HTTP/1.1" 304 0
0:0:0:0:0:0:0:1 - - [02/июн./2018:10:12:35 +0300] "GET /files/fitnesse/bootstrap/css/fitnesse-bootstrap.css HTTP/1.1" 304 0
0:0:0:0:0:0:0:1 - - [02/июн./2018:10:12:35 +0300] "GET /files/fitnesse/wysiwyg/wysiwyg.css HTTP/1.1" 304 0
0:0:0:0:0:0:0:1 - - [02/июн./2018:10:12:35 +0300] "GET /files/fitnesse/javascript/jquery-1.11.3.min.js HTTP/1.1" 304 0
0:0:0:0:0:0:0:1 - - [02/июн./2018:10:12:35 +0300] "GET /files/fitnesse/javascript/fitnesse.js HTTP/1.1" 304 0
0:0:0:0:0:0:0:1 - - [02/июн./2018:10:12:35 +0300] "GET /files/fitnesse/bootstrap/js/bootstrap.js HTTP/1.1" 304 0
0:0:0:0:0:0:0:1 - - [02/июн./2018:10:12:35 +0300] "GET /files/fitnesse/bootstrap/js/respond.js HTTP/1.1" 304 0
0:0:0:0:0:0:0:1 - - [02/июн./2018:10:12:35 +0300] "GET /files/fitnesse/javascript/mousetrap.min.js HTTP/1.1" 304 0
0:0:0:0:0:0:0:1 - - [02/июн./2018:10:12:36 +0300] "GET /files/fitnesse/images/fitnesse-logo-small.png HTTP/1.1" 304 0
0:0:0:0:0:0:0:1 - - [02/июн./2018:10:14:27 +0300] "GET /FrontPage.GoogleChrome.InstrumentStatic.PartI HTTP/1.1" 200 9967
0:0:0:0:0:0:0:1 - - [02/июн./2018:10:14:28 +0300] "GET /files/fitnesse/javascript/jquery-1.11.3.min.js HTTP/1.1" 304 0
0:0:0:0:0:0:0:1 - - [02/июн./2018:10:14:28 +0300] "GET /files/fitnesse/bootstrap/css/fitnesse-bootstrap.css HTTP/1.1" 304 0
0:0:0:0:0:0:0:1 - - [02/июн./2018:10:14:28 +0300] "GET /files/fitnesse/wysiwyg/wysiwyg.css HTTP/1.1" 304 0
0:0:0:0:0:0:0:1 - - [02/июн./2018:10:14:28 +0300] "GET /files/fitnesse/css/fitnesse_pages.css HTTP/1.1" 304 0
0:0:0:0:0:0:0:1 - - [02/июн./2018:10:14:28 +0300] "GET /files/fitnesse/javascript/mousetrap.min.js HTTP/1.1" 304 0
0:0:0:0:0:0:0:1 - - [02/июн./2018:10:14:28 +0300] "GET /files/fitnesse/javascript/fitnesse.js HTTP/1.1" 304 0
0:0:0:0:0:0:0:1 - - [02/июн./2018:10:14:28 +0300] "GET /files/fitnesse/bootstrap/js/respond.js HTTP/1.1" 304 0
0:0:0:0:0:0:0:1 - - [02/июн./2018:10:14:28 +0300] "GET /files/fitnesse/bootstrap/js/bootstrap.js HTTP/1.1" 304 0
0:0:0:0:0:0:0:1 - - [02/июн./2018:10:14:28 +0300] "GET /files/fitnesse/css/fitnesse_wiki.css HTTP/1.1" 304 0
0:0:0:0:0:0:0:1 - - [02/июн./2018:10:14:28 +0300] "GET /files/fitnesse/images/fitnesse-logo-small.png HTTP/1.1" 304 0
0:0:0:0:0:0:0:1 - - [02/июн./2018:10:14:29 +0300] "GET /FrontPage.GoogleChrome.InstrumentStatic.PartI.InstrumentStaticCreation HTTP/1.1" 200 14017
0:0:0:0:0:0:0:1 - - [02/июн./2018:10:14:29 +0300] "GET /files/fitnesse/css/fitnesse_wiki.css HTTP/1.1" 304 0
0:0:0:0:0:0:0:1 - - [02/июн./2018:10:14:29 +0300] "GET /files/fitnesse/css/fitnesse_pages.css HTTP/1.1" 304 0
0:0:0:0:0:0:0:1 - - [02/июн./2018:10:14:29 +0300] "GET /files/fitnesse/wysiwyg/wysiwyg.css HTTP/1.1" 304 0
0:0:0:0:0:0:0:1 - - [02/июн./2018:10:14:29 +0300] "GET /files/fitnesse/bootstrap/css/fitnesse-bootstrap.css HTTP/1.1" 304 0
0:0:0:0:0:0:0:1 - - [02/июн./2018:10:14:29 +0300] "GET /files/fitnesse/javascript/jquery-1.11.3.min.js HTTP/1.1" 304 0
0:0:0:0:0:0:0:1 - - [02/июн./2018:10:14:29 +0300] "GET /files/fitnesse/javascript/fitnesse.js HTTP/1.1" 304 0
0:0:0:0:0:0:0:1 - - [02/июн./2018:10:14:29 +0300] "GET /files/fitnesse/bootstrap/js/bootstrap.js HTTP/1.1" 304 0
0:0:0:0:0:0:0:1 - - [02/июн./2018:10:14:29 +0300] "GET /files/fitnesse/bootstrap/js/respond.js HTTP/1.1" 304 0
0:0:0:0:0:0:0:1 - - [02/июн./2018:10:14:29 +0300] "GET /files/fitnesse/javascript/mousetrap.min.js HTTP/1.1" 304 0
0:0:0:0:0:0:0:1 - - [02/июн./2018:10:14:29 +0300] "GET /files/fitnesse/images/fitnesse-logo-small.png HTTP/1.1" 304 0
0:0:0:0:0:0:0:1 - - [02/июн./2018:10:14:31 +0300] "GET /files/fitnesse/wysiwyg/wysiwyg.css HTTP/1.1" 304 0
0:0:0:0:0:0:0:1 - - [02/июн./2018:10:14:31 +0300] "GET /files/fitnesse/css/fitnesse_pages.css HTTP/1.1" 304 0
0:0:0:0:0:0:0:1 - - [02/июн./2018:10:14:31 +0300] "GET /files/fitnesse/bootstrap/css/fitnesse-bootstrap.css HTTP/1.1" 304 0
0:0:0:0:0:0:0:1 - - [02/июн./2018:10:14:31 +0300] "GET /files/fitnesse/javascript/jquery-1.11.3.min.js HTTP/1.1" 304 0
0:0:0:0:0:0:0:1 - - [02/июн./2018:10:14:31 +0300] "GET /files/fitnesse/css/fitnesse_wiki.css HTTP/1.1" 304 0
0:0:0:0:0:0:0:1 - - [02/июн./2018:10:14:31 +0300] "GET /files/fitnesse/javascript/fitnesse.js HTTP/1.1" 304 0
0:0:0:0:0:0:0:1 - - [02/июн./2018:10:14:31 +0300] "GET /files/fitnesse/bootstrap/js/bootstrap.js HTTP/1.1" 304 0
0:0:0:0:0:0:0:1 - - [02/июн./2018:10:14:31 +0300] "GET /files/fitnesse/bootstrap/js/respond.js HTTP/1.1" 304 0
0:0:0:0:0:0:0:1 - - [02/июн./2018:10:14:31 +0300] "GET /files/fitnesse/images/fitnesse-logo-small.png HTTP/1.1" 304 0
0:0:0:0:0:0:0:1 - - [02/июн./2018:10:15:34 +0300] "GET /files/fitnesse/images/collapsibleClosed.png HTTP/1.1" 304 0
0:0:0:0:0:0:0:1 - - [02/июн./2018:10:15:35 +0300] "GET /files/fitnesse/images/collapsibleOpen.png HTTP/1.1" 304 0
0:0:0:0:0:0:0:1 - - [02/июн./2018:10:15:57 +0300] "GET /FrontPage.GoogleChrome.InstrumentStatic.PartI.InstrumentStaticCreation?responder=stoptest&id=7 HTTP/1.1" 200 1993
0:0:0:0:0:0:0:1 - - [02/июн./2018:10:15:57 +0300] "GET /FrontPage.GoogleChrome.InstrumentStatic.PartI.InstrumentStaticCreation?test HTTP/1.1" 200 24364
0:0:0:0:0:0:0:1 - - [02/июн./2018:10:15:57 +0300] "GET /files/fitnesse/images/exception.png HTTP/1.1" 304 0
0:0:0:0:0:0:0:1 - - [02/июн./2018:10:15:57 +0300] "GET /files/fitnesse/javascript/mousetrap.min.js HTTP/1.1" 304 0
0:0:0:0:0:0:0:1 - - [02/июн./2018:10:16:11 +0300] "GET /FrontPage.GoogleChrome.InstrumentStatic.PartI.InstrumentStaticCreation HTTP/1.1" 200 14017
0:0:0:0:0:0:0:1 - - [02/июн./2018:10:16:11 +0300] "GET /files/fitnesse/css/fitnesse_wiki.css HTTP/1.1" 304 0
0:0:0:0:0:0:0:1 - - [02/июн./2018:10:16:11 +0300] "GET /files/fitnesse/javascript/jquery-1.11.3.min.js HTTP/1.1" 304 0
0:0:0:0:0:0:0:1 - - [02/июн./2018:10:16:11 +0300] "GET /files/fitnesse/bootstrap/css/fitnesse-bootstrap.css HTTP/1.1" 304 0
0:0:0:0:0:0:0:1 - - [02/июн./2018:10:16:11 +0300] "GET /files/fitnesse/javascript/fitnesse.js HTTP/1.1" 304 0
0:0:0:0:0:0:0:1 - - [02/июн./2018:10:16:11 +0300] "GET /files/fitnesse/bootstrap/js/bootstrap.js HTTP/1.1" 304 0
0:0:0:0:0:0:0:1 - - [02/июн./2018:10:16:11 +0300] "GET /files/fitnesse/wysiwyg/wysiwyg.css HTTP/1.1" 304 0
0:0:0:0:0:0:0:1 - - [02/июн./2018:10:16:11 +0300] "GET /files/fitnesse/bootstrap/js/respond.js HTTP/1.1" 304 0
0:0:0:0:0:0:0:1 - - [02/июн./2018:10:16:11 +0300] "GET /files/fitnesse/javascript/mousetrap.min.js HTTP/1.1" 304 0
0:0:0:0:0:0:0:1 - - [02/июн./2018:10:16:11 +0300] "GET /files/fitnesse/css/fitnesse_pages.css HTTP/1.1" 304 0
0:0:0:0:0:0:0:1 - - [02/июн./2018:10:16:11 +0300] "GET /files/fitnesse/images/fitnesse-logo-small.png HTTP/1.1" 304 0
0:0:0:0:0:0:0:1 - - [02/июн./2018:10:24:02 +0300] "GET /files/fitnesse/bootstrap/css/fitnesse-bootstrap.css HTTP/1.1" 304 0
0:0:0:0:0:0:0:1 - - [02/июн./2018:10:24:02 +0300] "GET /files/fitnesse/wysiwyg/wysiwyg.css HTTP/1.1" 304 0
0:0:0:0:0:0:0:1 - - [02/июн./2018:10:24:02 +0300] "GET /files/fitnesse/css/fitnesse_pages.css HTTP/1.1" 304 0
0:0:0:0:0:0:0:1 - - [02/июн./2018:10:24:02 +0300] "GET /files/fitnesse/javascript/fitnesse.js HTTP/1.1" 304 0
0:0:0:0:0:0:0:1 - - [02/июн./2018:10:24:02 +0300] "GET /files/fitnesse/css/fitnesse_wiki.css HTTP/1.1" 304 0
0:0:0:0:0:0:0:1 - - [02/июн./2018:10:24:02 +0300] "GET /files/fitnesse/bootstrap/js/bootstrap.js HTTP/1.1" 304 0
0:0:0:0:0:0:0:1 - - [02/июн./2018:10:24:02 +0300] "GET /files/fitnesse/bootstrap/js/respond.js HTTP/1.1" 304 0
0:0:0:0:0:0:0:1 - - [02/июн./2018:10:24:02 +0300] "GET /files/fitnesse/javascript/jquery-1.11.3.min.js HTTP/1.1" 304 0
0:0:0:0:0:0:0:1 - - [02/июн./2018:10:24:02 +0300] "GET /files/fitnesse/images/fitnesse-logo-small.png HTTP/1.1" 304 0
0:0:0:0:0:0:0:1 - - [02/июн./2018:10:25:04 +0300] "GET /files/fitnesse/images/collapsibleClosed.png HTTP/1.1" 304 0
0:0:0:0:0:0:0:1 - - [02/июн./2018:10:25:38 +0300] "GET /FrontPage.GoogleChrome.InstrumentStatic.PartI.InstrumentStaticCreation?test HTTP/1.1" 200 43484
0:0:0:0:0:0:0:1 - - [02/июн./2018:10:25:38 +0300] "GET /files/fitnesse/images/exception.png HTTP/1.1" 304 0
0:0:0:0:0:0:0:1 - - [02/июн./2018:10:25:38 +0300] "GET /files/fitnesse/javascript/mousetrap.min.js HTTP/1.1" 304 0
0:0:0:0:0:0:0:1 - - [02/июн./2018:10:27:15 +0300] "GET /files/fitnesse/images/collapsibleOpen.png HTTP/1.1" 304 0
0:0:0:0:0:0:0:1 - - [02/июн./2018:10:29:52 +0300] "GET /FrontPage.GoogleChrome.InstrumentStatic.PartI.InstrumentStaticCreation HTTP/1.1" 200 14017
0:0:0:0:0:0:0:1 - - [02/июн./2018:10:29:52 +0300] "GET /files/fitnesse/javascript/jquery-1.11.3.min.js HTTP/1.1" 304 0
0:0:0:0:0:0:0:1 - - [02/июн./2018:10:29:52 +0300] "GET /files/fitnesse/css/fitnesse_pages.css HTTP/1.1" 304 0
0:0:0:0:0:0:0:1 - - [02/июн./2018:10:29:52 +0300] "GET /files/fitnesse/javascript/fitnesse.js HTTP/1.1" 304 0
0:0:0:0:0:0:0:1 - - [02/июн./2018:10:29:52 +0300] "GET /files/fitnesse/wysiwyg/wysiwyg.css HTTP/1.1" 304 0
0:0:0:0:0:0:0:1 - - [02/июн./2018:10:29:52 +0300] "GET /files/fitnesse/bootstrap/css/fitnesse-bootstrap.css HTTP/1.1" 304 0
0:0:0:0:0:0:0:1 - - [02/июн./2018:10:29:52 +0300] "GET /files/fitnesse/css/fitnesse_wiki.css HTTP/1.1" 304 0
0:0:0:0:0:0:0:1 - - [02/июн./2018:10:29:52 +0300] "GET /files/fitnesse/bootstrap/js/bootstrap.js HTTP/1.1" 304 0
0:0:0:0:0:0:0:1 - - [02/июн./2018:10:29:52 +0300] "GET /files/fitnesse/bootstrap/js/respond.js HTTP/1.1" 304 0
0:0:0:0:0:0:0:1 - - [02/июн./2018:10:29:52 +0300] "GET /files/fitnesse/javascript/mousetrap.min.js HTTP/1.1" 304 0
0:0:0:0:0:0:0:1 - - [02/июн./2018:10:29:52 +0300] "GET /files/fitnesse/images/fitnesse-logo-small.png HTTP/1.1" 304 0
0:0:0:0:0:0:0:1 - - [02/июн./2018:10:30:44 +0300] "GET /FrontPage.GoogleChrome.InstrumentStatic.PartI HTTP/1.1" 200 9967
0:0:0:0:0:0:0:1 - - [02/июн./2018:10:30:44 +0300] "GET /files/fitnesse/css/fitnesse_wiki.css HTTP/1.1" 304 0
0:0:0:0:0:0:0:1 - - [02/июн./2018:10:30:44 +0300] "GET /files/fitnesse/css/fitnesse_pages.css HTTP/1.1" 304 0
0:0:0:0:0:0:0:1 - - [02/июн./2018:10:30:44 +0300] "GET /files/fitnesse/javascript/jquery-1.11.3.min.js HTTP/1.1" 304 0
0:0:0:0:0:0:0:1 - - [02/июн./2018:10:30:44 +0300] "GET /files/fitnesse/javascript/fitnesse.js HTTP/1.1" 304 0
0:0:0:0:0:0:0:1 - - [02/июн./2018:10:30:44 +0300] "GET /files/fitnesse/bootstrap/js/bootstrap.js HTTP/1.1" 304 0
0:0:0:0:0:0:0:1 - - [02/июн./2018:10:30:44 +0300] "GET /files/fitnesse/bootstrap/css/fitnesse-bootstrap.css HTTP/1.1" 304 0
0:0:0:0:0:0:0:1 - - [02/июн./2018:10:30:44 +0300] "GET /files/fitnesse/bootstrap/js/respond.js HTTP/1.1" 304 0
0:0:0:0:0:0:0:1 - - [02/июн./2018:10:30:44 +0300] "GET /files/fitnesse/javascript/mousetrap.min.js HTTP/1.1" 304 0
0:0:0:0:0:0:0:1 - - [02/июн./2018:10:30:44 +0300] "GET /files/fitnesse/wysiwyg/wysiwyg.css HTTP/1.1" 304 0
0:0:0:0:0:0:0:1 - - [02/июн./2018:10:30:44 +0300] "GET /files/fitnesse/images/fitnesse-logo-small.png HTTP/1.1" 304 0
0:0:0:0:0:0:0:1 - - [02/июн./2018:10:30:56 +0300] "GET /FrontPage.GoogleChrome.InstrumentStatic.PartI.ComissionTabModification HTTP/1.1" 200 18846
0:0:0:0:0:0:0:1 - - [02/июн./2018:10:30:56 +0300] "GET /files/fitnesse/css/fitnesse_wiki.css HTTP/1.1" 304 0
0:0:0:0:0:0:0:1 - - [02/июн./2018:10:30:56 +0300] "GET /files/fitnesse/css/fitnesse_pages.css HTTP/1.1" 304 0
0:0:0:0:0:0:0:1 - - [02/июн./2018:10:30:56 +0300] "GET /files/fitnesse/bootstrap/css/fitnesse-bootstrap.css HTTP/1.1" 304 0
0:0:0:0:0:0:0:1 - - [02/июн./2018:10:30:56 +0300] "GET /files/fitnesse/wysiwyg/wysiwyg.css HTTP/1.1" 304 0
0:0:0:0:0:0:0:1 - - [02/июн./2018:10:30:56 +0300] "GET /files/fitnesse/javascript/fitnesse.js HTTP/1.1" 304 0
0:0:0:0:0:0:0:1 - - [02/июн./2018:10:30:56 +0300] "GET /files/fitnesse/javascript/jquery-1.11.3.min.js HTTP/1.1" 304 0
0:0:0:0:0:0:0:1 - - [02/июн./2018:10:30:56 +0300] "GET /files/fitnesse/bootstrap/js/bootstrap.js HTTP/1.1" 304 0
0:0:0:0:0:0:0:1 - - [02/июн./2018:10:30:56 +0300] "GET /files/fitnesse/bootstrap/js/respond.js HTTP/1.1" 304 0
0:0:0:0:0:0:0:1 - - [02/июн./2018:10:30:56 +0300] "GET /files/fitnesse/javascript/mousetrap.min.js HTTP/1.1" 304 0
0:0:0:0:0:0:0:1 - - [02/июн./2018:10:30:56 +0300] "GET /files/fitnesse/images/fitnesse-logo-small.png HTTP/1.1" 304 0
0:0:0:0:0:0:0:1 - - [02/июн./2018:10:30:58 +0300] "GET /files/fitnesse/css/fitnesse_wiki.css HTTP/1.1" 304 0
0:0:0:0:0:0:0:1 - - [02/июн./2018:10:30:58 +0300] "GET /files/fitnesse/css/fitnesse_pages.css HTTP/1.1" 304 0
0:0:0:0:0:0:0:1 - - [02/июн./2018:10:30:58 +0300] "GET /files/fitnesse/wysiwyg/wysiwyg.css HTTP/1.1" 304 0
0:0:0:0:0:0:0:1 - - [02/июн./2018:10:30:58 +0300] "GET /files/fitnesse/bootstrap/css/fitnesse-bootstrap.css HTTP/1.1" 304 0
0:0:0:0:0:0:0:1 - - [02/июн./2018:10:30:58 +0300] "GET /files/fitnesse/javascript/jquery-1.11.3.min.js HTTP/1.1" 304 0
0:0:0:0:0:0:0:1 - - [02/июн./2018:10:30:58 +0300] "GET /files/fitnesse/javascript/fitnesse.js HTTP/1.1" 304 0
0:0:0:0:0:0:0:1 - - [02/июн./2018:10:30:58 +0300] "GET /files/fitnesse/bootstrap/js/bootstrap.js HTTP/1.1" 304 0
0:0:0:0:0:0:0:1 - - [02/июн./2018:10:30:58 +0300] "GET /files/fitnesse/bootstrap/js/respond.js HTTP/1.1" 304 0
0:0:0:0:0:0:0:1 - - [02/июн./2018:10:30:58 +0300] "GET /files/fitnesse/images/fitnesse-logo-small.png HTTP/1.1" 304 0
0:0:0:0:0:0:0:1 - - [02/июн./2018:10:33:09 +0300] "GET /FrontPage.GoogleChrome.InstrumentStatic.PartI.ComissionTabModification?test HTTP/1.1" 200 23458
0:0:0:0:0:0:0:1 - - [02/июн./2018:10:33:09 +0300] "GET /files/fitnesse/javascript/mousetrap.min.js HTTP/1.1" 304 0
0:0:0:0:0:0:0:1 - - [02/июн./2018:10:33:09 +0300] "GET /files/fitnesse/images/checkmark.png HTTP/1.1" 200 3110
0:0:0:0:0:0:0:1 - - [02/июн./2018:10:35:43 +0300] "GET /FrontPage.GoogleChrome.InstrumentStatic.PartI.ComissionTabModification HTTP/1.1" 200 18846
0:0:0:0:0:0:0:1 - - [02/июн./2018:10:35:43 +0300] "GET /files/fitnesse/css/fitnesse_wiki.css HTTP/1.1" 304 0
0:0:0:0:0:0:0:1 - - [02/июн./2018:10:35:43 +0300] "GET /files/fitnesse/javascript/fitnesse.js HTTP/1.1" 304 0
0:0:0:0:0:0:0:1 - - [02/июн./2018:10:35:43 +0300] "GET /files/fitnesse/javascript/jquery-1.11.3.min.js HTTP/1.1" 304 0
0:0:0:0:0:0:0:1 - - [02/июн./2018:10:35:43 +0300] "GET /files/fitnesse/bootstrap/css/fitnesse-bootstrap.css HTTP/1.1" 304 0
0:0:0:0:0:0:0:1 - - [02/июн./2018:10:35:43 +0300] "GET /files/fitnesse/bootstrap/js/respond.js HTTP/1.1" 304 0
0:0:0:0:0:0:0:1 - - [02/июн./2018:10:35:43 +0300] "GET /files/fitnesse/wysiwyg/wysiwyg.css HTTP/1.1" 304 0
0:0:0:0:0:0:0:1 - - [02/июн./2018:10:35:43 +0300] "GET /files/fitnesse/javascript/mousetrap.min.js HTTP/1.1" 304 0
0:0:0:0:0:0:0:1 - - [02/июн./2018:10:35:43 +0300] "GET /files/fitnesse/css/fitnesse_pages.css HTTP/1.1" 304 0
0:0:0:0:0:0:0:1 - - [02/июн./2018:10:35:43 +0300] "GET /files/fitnesse/bootstrap/js/bootstrap.js HTTP/1.1" 304 0
0:0:0:0:0:0:0:1 - - [02/июн./2018:10:35:43 +0300] "GET /files/fitnesse/images/fitnesse-logo-small.png HTTP/1.1" 304 0
0:0:0:0:0:0:0:1 - - [02/июн./2018:10:35:45 +0300] "GET /FrontPage.GoogleChrome.InstrumentStatic.PartI HTTP/1.1" 200 9967
0:0:0:0:0:0:0:1 - - [02/июн./2018:10:35:45 +0300] "GET /files/fitnesse/css/fitnesse_wiki.css HTTP/1.1" 304 0
0:0:0:0:0:0:0:1 - - [02/июн./2018:10:35:45 +0300] "GET /files/fitnesse/css/fitnesse_pages.css HTTP/1.1" 304 0
0:0:0:0:0:0:0:1 - - [02/июн./2018:10:35:45 +0300] "GET /files/fitnesse/wysiwyg/wysiwyg.css HTTP/1.1" 304 0
0:0:0:0:0:0:0:1 - - [02/июн./2018:10:35:45 +0300] "GET /files/fitnesse/bootstrap/css/fitnesse-bootstrap.css HTTP/1.1" 304 0
0:0:0:0:0:0:0:1 - - [02/июн./2018:10:35:45 +0300] "GET /files/fitnesse/javascript/jquery-1.11.3.min.js HTTP/1.1" 304 0
0:0:0:0:0:0:0:1 - - [02/июн./2018:10:35:45 +0300] "GET /files/fitnesse/javascript/fitnesse.js HTTP/1.1" 304 0
0:0:0:0:0:0:0:1 - - [02/июн./2018:10:35:45 +0300] "GET /files/fitnesse/bootstrap/js/bootstrap.js HTTP/1.1" 304 0
0:0:0:0:0:0:0:1 - - [02/июн./2018:10:35:45 +0300] "GET /files/fitnesse/bootstrap/js/respond.js HTTP/1.1" 304 0
0:0:0:0:0:0:0:1 - - [02/июн./2018:10:35:45 +0300] "GET /files/fitnesse/javascript/mousetrap.min.js HTTP/1.1" 304 0
0:0:0:0:0:0:0:1 - - [02/июн./2018:10:35:45 +0300] "GET /files/fitnesse/images/fitnesse-logo-small.png HTTP/1.1" 304 0
0:0:0:0:0:0:0:1 - - [02/июн./2018:10:35:50 +0300] "GET /FrontPage.GoogleChrome.InstrumentStatic.PartI.DeliveryMonthTabModification HTTP/1.1" 200 13381
0:0:0:0:0:0:0:1 - - [02/июн./2018:10:35:50 +0300] "GET /files/fitnesse/css/fitnesse_wiki.css HTTP/1.1" 304 0
0:0:0:0:0:0:0:1 - - [02/июн./2018:10:35:50 +0300] "GET /files/fitnesse/css/fitnesse_pages.css HTTP/1.1" 304 0
0:0:0:0:0:0:0:1 - - [02/июн./2018:10:35:50 +0300] "GET /files/fitnesse/wysiwyg/wysiwyg.css HTTP/1.1" 304 0
0:0:0:0:0:0:0:1 - - [02/июн./2018:10:35:50 +0300] "GET /files/fitnesse/bootstrap/css/fitnesse-bootstrap.css HTTP/1.1" 304 0
0:0:0:0:0:0:0:1 - - [02/июн./2018:10:35:50 +0300] "GET /files/fitnesse/javascript/jquery-1.11.3.min.js HTTP/1.1" 304 0
0:0:0:0:0:0:0:1 - - [02/июн./2018:10:35:50 +0300] "GET /files/fitnesse/javascript/fitnesse.js HTTP/1.1" 304 0
0:0:0:0:0:0:0:1 - - [02/июн./2018:10:35:50 +0300] "GET /files/fitnesse/bootstrap/js/bootstrap.js HTTP/1.1" 304 0
0:0:0:0:0:0:0:1 - - [02/июн./2018:10:35:50 +0300] "GET /files/fitnesse/bootstrap/js/respond.js HTTP/1.1" 304 0
0:0:0:0:0:0:0:1 - - [02/июн./2018:10:35:50 +0300] "GET /files/fitnesse/javascript/mousetrap.min.js HTTP/1.1" 304 0
0:0:0:0:0:0:0:1 - - [02/июн./2018:10:35:50 +0300] "GET /files/fitnesse/images/fitnesse-logo-small.png HTTP/1.1" 304 0
0:0:0:0:0:0:0:1 - - [02/июн./2018:10:36:18 +0300] "GET /files/fitnesse/bootstrap/css/fitnesse-bootstrap.css HTTP/1.1" 304 0
0:0:0:0:0:0:0:1 - - [02/июн./2018:10:36:18 +0300] "GET /files/fitnesse/wysiwyg/wysiwyg.css HTTP/1.1" 304 0
0:0:0:0:0:0:0:1 - - [02/июн./2018:10:36:18 +0300] "GET /files/fitnesse/css/fitnesse_pages.css HTTP/1.1" 304 0
0:0:0:0:0:0:0:1 - - [02/июн./2018:10:36:18 +0300] "GET /files/fitnesse/css/fitnesse_wiki.css HTTP/1.1" 304 0
0:0:0:0:0:0:0:1 - - [02/июн./2018:10:36:18 +0300] "GET /files/fitnesse/javascript/jquery-1.11.3.min.js HTTP/1.1" 304 0
0:0:0:0:0:0:0:1 - - [02/июн./2018:10:36:18 +0300] "GET /files/fitnesse/bootstrap/js/respond.js HTTP/1.1" 304 0
0:0:0:0:0:0:0:1 - - [02/июн./2018:10:36:18 +0300] "GET /files/fitnesse/javascript/fitnesse.js HTTP/1.1" 304 0
0:0:0:0:0:0:0:1 - - [02/июн./2018:10:36:18 +0300] "GET /files/fitnesse/bootstrap/js/bootstrap.js HTTP/1.1" 304 0
0:0:0:0:0:0:0:1 - - [02/июн./2018:10:36:18 +0300] "GET /files/fitnesse/images/fitnesse-logo-small.png HTTP/1.1" 304 0
0:0:0:0:0:0:0:1 - - [02/июн./2018:10:37:08 +0300] "GET /FrontPage.GoogleChrome.InstrumentStatic.PartI.DeliveryMonthTabModification?test HTTP/1.1" 200 16236
0:0:0:0:0:0:0:1 - - [02/июн./2018:10:37:08 +0300] "GET /files/fitnesse/javascript/mousetrap.min.js HTTP/1.1" 304 0
0:0:0:0:0:0:0:1 - - [02/июн./2018:10:37:08 +0300] "GET /files/fitnesse/images/checkmark.png HTTP/1.1" 304 0
0:0:0:0:0:0:0:1 - - [02/июн./2018:10:39:20 +0300] "GET /FrontPage.GoogleChrome.InstrumentStatic.PartI.DeliveryMonthTabModification HTTP/1.1" 200 13381
0:0:0:0:0:0:0:1 - - [02/июн./2018:10:39:20 +0300] "GET /files/fitnesse/css/fitnesse_pages.css HTTP/1.1" 304 0
0:0:0:0:0:0:0:1 - - [02/июн./2018:10:39:20 +0300] "GET /files/fitnesse/wysiwyg/wysiwyg.css HTTP/1.1" 304 0
0:0:0:0:0:0:0:1 - - [02/июн./2018:10:39:20 +0300] "GET /files/fitnesse/css/fitnesse_wiki.css HTTP/1.1" 304 0
0:0:0:0:0:0:0:1 - - [02/июн./2018:10:39:20 +0300] "GET /files/fitnesse/bootstrap/css/fitnesse-bootstrap.css HTTP/1.1" 304 0
0:0:0:0:0:0:0:1 - - [02/июн./2018:10:39:20 +0300] "GET /files/fitnesse/javascript/jquery-1.11.3.min.js HTTP/1.1" 304 0
0:0:0:0:0:0:0:1 - - [02/июн./2018:10:39:20 +0300] "GET /files/fitnesse/javascript/fitnesse.js HTTP/1.1" 304 0
0:0:0:0:0:0:0:1 - - [02/июн./2018:10:39:20 +0300] "GET /files/fitnesse/javascript/mousetrap.min.js HTTP/1.1" 304 0
0:0:0:0:0:0:0:1 - - [02/июн./2018:10:39:20 +0300] "GET /files/fitnesse/bootstrap/js/respond.js HTTP/1.1" 304 0
0:0:0:0:0:0:0:1 - - [02/июн./2018:10:39:20 +0300] "GET /files/fitnesse/bootstrap/js/bootstrap.js HTTP/1.1" 304 0
0:0:0:0:0:0:0:1 - - [02/июн./2018:10:39:20 +0300] "GET /files/fitnesse/images/fitnesse-logo-small.png HTTP/1.1" 304 0
0:0:0:0:0:0:0:1 - - [02/июн./2018:10:43:20 +0300] "GET /FrontPage.GoogleChrome.InstrumentStatic.PartI HTTP/1.1" 200 9967
0:0:0:0:0:0:0:1 - - [02/июн./2018:10:43:20 +0300] "GET /files/fitnesse/css/fitnesse_wiki.css HTTP/1.1" 304 0
0:0:0:0:0:0:0:1 - - [02/июн./2018:10:43:20 +0300] "GET /files/fitnesse/css/fitnesse_pages.css HTTP/1.1" 304 0
0:0:0:0:0:0:0:1 - - [02/июн./2018:10:43:20 +0300] "GET /files/fitnesse/wysiwyg/wysiwyg.css HTTP/1.1" 304 0
0:0:0:0:0:0:0:1 - - [02/июн./2018:10:43:20 +0300] "GET /files/fitnesse/javascript/jquery-1.11.3.min.js HTTP/1.1" 304 0
0:0:0:0:0:0:0:1 - - [02/июн./2018:10:43:20 +0300] "GET /files/fitnesse/javascript/fitnesse.js HTTP/1.1" 304 0
0:0:0:0:0:0:0:1 - - [02/июн./2018:10:43:20 +0300] "GET /files/fitnesse/bootstrap/css/fitnesse-bootstrap.css HTTP/1.1" 304 0
0:0:0:0:0:0:0:1 - - [02/июн./2018:10:43:20 +0300] "GET /files/fitnesse/bootstrap/js/bootstrap.js HTTP/1.1" 304 0
0:0:0:0:0:0:0:1 - - [02/июн./2018:10:43:20 +0300] "GET /files/fitnesse/bootstrap/js/respond.js HTTP/1.1" 304 0
0:0:0:0:0:0:0:1 - - [02/июн./2018:10:43:20 +0300] "GET /files/fitnesse/javascript/mousetrap.min.js HTTP/1.1" 304 0
0:0:0:0:0:0:0:1 - - [02/июн./2018:10:43:21 +0300] "GET /files/fitnesse/images/fitnesse-logo-small.png HTTP/1.1" 304 0
0:0:0:0:0:0:0:1 - - [02/июн./2018:10:45:38 +0300] "GET /FrontPage.GoogleChrome.InstrumentStatic.PartI HTTP/1.1" 200 9967
0:0:0:0:0:0:0:1 - - [02/июн./2018:10:45:38 +0300] "GET /files/fitnesse/css/fitnesse_wiki.css HTTP/1.1" 304 0
0:0:0:0:0:0:0:1 - - [02/июн./2018:10:45:39 +0300] "GET /files/fitnesse/css/fitnesse_pages.css HTTP/1.1" 304 0
0:0:0:0:0:0:0:1 - - [02/июн./2018:10:45:39 +0300] "GET /files/fitnesse/wysiwyg/wysiwyg.css HTTP/1.1" 304 0
0:0:0:0:0:0:0:1 - - [02/июн./2018:10:45:39 +0300] "GET /files/fitnesse/bootstrap/css/fitnesse-bootstrap.css HTTP/1.1" 304 0
0:0:0:0:0:0:0:1 - - [02/июн./2018:10:45:39 +0300] "GET /files/fitnesse/javascript/jquery-1.11.3.min.js HTTP/1.1" 304 0
0:0:0:0:0:0:0:1 - - [02/июн./2018:10:45:39 +0300] "GET /files/fitnesse/javascript/fitnesse.js HTTP/1.1" 304 0
0:0:0:0:0:0:0:1 - - [02/июн./2018:10:45:39 +0300] "GET /files/fitnesse/bootstrap/js/bootstrap.js HTTP/1.1" 304 0
0:0:0:0:0:0:0:1 - - [02/июн./2018:10:45:39 +0300] "GET /files/fitnesse/bootstrap/js/respond.js HTTP/1.1" 304 0
0:0:0:0:0:0:0:1 - - [02/июн./2018:10:45:39 +0300] "GET /files/fitnesse/javascript/mousetrap.min.js HTTP/1.1" 304 0
0:0:0:0:0:0:0:1 - - [02/июн./2018:10:45:39 +0300] "GET /files/fitnesse/images/fitnesse-logo-small.png HTTP/1.1" 304 0
0:0:0:0:0:0:0:1 - - [02/июн./2018:10:45:39 +0300] "GET /files/fitnesse/images/favicon.png HTTP/1.1" 200 6306
0:0:0:0:0:0:0:1 - - [02/июн./2018:10:49:33 +0300] "GET /FrontPage HTTP/1.1" 200 7991
0:0:0:0:0:0:0:1 - - [02/июн./2018:10:49:33 +0300] "GET /files/fitnesse/css/fitnesse_pages.css HTTP/1.1" 304 0
0:0:0:0:0:0:0:1 - - [02/июн./2018:10:49:33 +0300] "GET /files/fitnesse/wysiwyg/wysiwyg.css HTTP/1.1" 304 0
0:0:0:0:0:0:0:1 - - [02/июн./2018:10:49:33 +0300] "GET /files/fitnesse/css/fitnesse_wiki.css HTTP/1.1" 304 0
0:0:0:0:0:0:0:1 - - [02/июн./2018:10:49:33 +0300] "GET /files/fitnesse/javascript/jquery-1.11.3.min.js HTTP/1.1" 304 0
0:0:0:0:0:0:0:1 - - [02/июн./2018:10:49:33 +0300] "GET /files/fitnesse/bootstrap/css/fitnesse-bootstrap.css HTTP/1.1" 304 0
0:0:0:0:0:0:0:1 - - [02/июн./2018:10:49:33 +0300] "GET /files/fitnesse/javascript/fitnesse.js HTTP/1.1" 304 0
0:0:0:0:0:0:0:1 - - [02/июн./2018:10:49:33 +0300] "GET /files/fitnesse/bootstrap/js/bootstrap.js HTTP/1.1" 304 0
0:0:0:0:0:0:0:1 - - [02/июн./2018:10:49:33 +0300] "GET /files/fitnesse/bootstrap/js/respond.js HTTP/1.1" 304 0
0:0:0:0:0:0:0:1 - - [02/июн./2018:10:49:33 +0300] "GET /files/fitnesse/javascript/mousetrap.min.js HTTP/1.1" 304 0
0:0:0:0:0:0:0:1 - - [02/июн./2018:10:49:33 +0300] "GET /files/fitnesse/images/fitnesse-logo-small.png HTTP/1.1" 304 0
0:0:0:0:0:0:0:1 - - [02/июн./2018:10:55:14 +0300] "GET /FrontPage HTTP/1.1" 200 7991
0:0:0:0:0:0:0:1 - - [02/июн./2018:10:55:14 +0300] "GET /files/fitnesse/css/fitnesse_pages.css HTTP/1.1" 304 0
0:0:0:0:0:0:0:1 - - [02/июн./2018:10:55:14 +0300] "GET /files/fitnesse/css/fitnesse_wiki.css HTTP/1.1" 304 0
0:0:0:0:0:0:0:1 - - [02/июн./2018:10:55:14 +0300] "GET /files/fitnesse/wysiwyg/wysiwyg.css HTTP/1.1" 304 0
0:0:0:0:0:0:0:1 - - [02/июн./2018:10:55:14 +0300] "GET /files/fitnesse/bootstrap/css/fitnesse-bootstrap.css HTTP/1.1" 304 0
0:0:0:0:0:0:0:1 - - [02/июн./2018:10:55:14 +0300] "GET /files/fitnesse/javascript/jquery-1.11.3.min.js HTTP/1.1" 304 0
0:0:0:0:0:0:0:1 - - [02/июн./2018:10:55:14 +0300] "GET /files/fitnesse/javascript/fitnesse.js HTTP/1.1" 304 0
0:0:0:0:0:0:0:1 - - [02/июн./2018:10:55:14 +0300] "GET /files/fitnesse/bootstrap/js/bootstrap.js HTTP/1.1" 304 0
0:0:0:0:0:0:0:1 - - [02/июн./2018:10:55:14 +0300] "GET /files/fitnesse/bootstrap/js/respond.js HTTP/1.1" 304 0
0:0:0:0:0:0:0:1 - - [02/июн./2018:10:55:14 +0300] "GET /files/fitnesse/javascript/mousetrap.min.js HTTP/1.1" 304 0
0:0:0:0:0:0:0:1 - - [02/июн./2018:10:55:14 +0300] "GET /files/fitnesse/images/fitnesse-logo-small.png HTTP/1.1" 304 0
0:0:0:0:0:0:0:1 - - [02/июн./2018:10:55:17 +0300] "GET /FrontPage.GoogleChrome HTTP/1.1" 200 9665
0:0:0:0:0:0:0:1 - - [02/июн./2018:10:55:17 +0300] "GET /files/fitnesse/css/fitnesse_wiki.css HTTP/1.1" 304 0
0:0:0:0:0:0:0:1 - - [02/июн./2018:10:55:17 +0300] "GET /files/fitnesse/css/fitnesse_pages.css HTTP/1.1" 304 0
0:0:0:0:0:0:0:1 - - [02/июн./2018:10:55:17 +0300] "GET /files/fitnesse/wysiwyg/wysiwyg.css HTTP/1.1" 304 0
0:0:0:0:0:0:0:1 - - [02/июн./2018:10:55:17 +0300] "GET /files/fitnesse/bootstrap/css/fitnesse-bootstrap.css HTTP/1.1" 304 0
0:0:0:0:0:0:0:1 - - [02/июн./2018:10:55:17 +0300] "GET /files/fitnesse/javascript/fitnesse.js HTTP/1.1" 304 0
0:0:0:0:0:0:0:1 - - [02/июн./2018:10:55:17 +0300] "GET /files/fitnesse/javascript/jquery-1.11.3.min.js HTTP/1.1" 304 0
0:0:0:0:0:0:0:1 - - [02/июн./2018:10:55:17 +0300] "GET /files/fitnesse/bootstrap/js/bootstrap.js HTTP/1.1" 304 0
0:0:0:0:0:0:0:1 - - [02/июн./2018:10:55:17 +0300] "GET /files/fitnesse/bootstrap/js/respond.js HTTP/1.1" 304 0
0:0:0:0:0:0:0:1 - - [02/июн./2018:10:55:17 +0300] "GET /files/fitnesse/javascript/mousetrap.min.js HTTP/1.1" 304 0
0:0:0:0:0:0:0:1 - - [02/июн./2018:10:55:17 +0300] "GET /files/fitnesse/images/fitnesse-logo-small.png HTTP/1.1" 304 0
0:0:0:0:0:0:0:1 - - [02/июн./2018:10:55:19 +0300] "GET /FrontPage.GoogleChrome.InstrumentTypes HTTP/1.1" 200 9440
0:0:0:0:0:0:0:1 - - [02/июн./2018:10:55:19 +0300] "GET /files/fitnesse/wysiwyg/wysiwyg.css HTTP/1.1" 304 0
0:0:0:0:0:0:0:1 - - [02/июн./2018:10:55:19 +0300] "GET /files/fitnesse/css/fitnesse_pages.css HTTP/1.1" 304 0
0:0:0:0:0:0:0:1 - - [02/июн./2018:10:55:19 +0300] "GET /files/fitnesse/css/fitnesse_wiki.css HTTP/1.1" 304 0
0:0:0:0:0:0:0:1 - - [02/июн./2018:10:55:19 +0300] "GET /files/fitnesse/bootstrap/css/fitnesse-bootstrap.css HTTP/1.1" 304 0
0:0:0:0:0:0:0:1 - - [02/июн./2018:10:55:19 +0300] "GET /files/fitnesse/javascript/jquery-1.11.3.min.js HTTP/1.1" 304 0
0:0:0:0:0:0:0:1 - - [02/июн./2018:10:55:19 +0300] "GET /files/fitnesse/javascript/fitnesse.js HTTP/1.1" 304 0
0:0:0:0:0:0:0:1 - - [02/июн./2018:10:55:19 +0300] "GET /files/fitnesse/bootstrap/js/bootstrap.js HTTP/1.1" 304 0
0:0:0:0:0:0:0:1 - - [02/июн./2018:10:55:19 +0300] "GET /files/fitnesse/bootstrap/js/respond.js HTTP/1.1" 304 0
0:0:0:0:0:0:0:1 - - [02/июн./2018:10:55:19 +0300] "GET /files/fitnesse/javascript/mousetrap.min.js HTTP/1.1" 304 0
0:0:0:0:0:0:0:1 - - [02/июн./2018:10:55:19 +0300] "GET /files/fitnesse/images/fitnesse-logo-small.png HTTP/1.1" 304 0
0:0:0:0:0:0:0:1 - - [02/июн./2018:10:55:21 +0300] "GET /FrontPage.GoogleChrome HTTP/1.1" 200 9665
0:0:0:0:0:0:0:1 - - [02/июн./2018:10:55:21 +0300] "GET /files/fitnesse/css/fitnesse_wiki.css HTTP/1.1" 304 0
0:0:0:0:0:0:0:1 - - [02/июн./2018:10:55:21 +0300] "GET /files/fitnesse/javascript/jquery-1.11.3.min.js HTTP/1.1" 304 0
0:0:0:0:0:0:0:1 - - [02/июн./2018:10:55:21 +0300] "GET /files/fitnesse/css/fitnesse_pages.css HTTP/1.1" 304 0
0:0:0:0:0:0:0:1 - - [02/июн./2018:10:55:21 +0300] "GET /files/fitnesse/wysiwyg/wysiwyg.css HTTP/1.1" 304 0
0:0:0:0:0:0:0:1 - - [02/июн./2018:10:55:21 +0300] "GET /files/fitnesse/bootstrap/css/fitnesse-bootstrap.css HTTP/1.1" 304 0
0:0:0:0:0:0:0:1 - - [02/июн./2018:10:55:21 +0300] "GET /files/fitnesse/javascript/fitnesse.js HTTP/1.1" 304 0
0:0:0:0:0:0:0:1 - - [02/июн./2018:10:55:21 +0300] "GET /files/fitnesse/bootstrap/js/bootstrap.js HTTP/1.1" 304 0
0:0:0:0:0:0:0:1 - - [02/июн./2018:10:55:21 +0300] "GET /files/fitnesse/bootstrap/js/respond.js HTTP/1.1" 304 0
0:0:0:0:0:0:0:1 - - [02/июн./2018:10:55:21 +0300] "GET /files/fitnesse/javascript/mousetrap.min.js HTTP/1.1" 304 0
0:0:0:0:0:0:0:1 - - [02/июн./2018:10:55:22 +0300] "GET /files/fitnesse/images/fitnesse-logo-small.png HTTP/1.1" 304 0
0:0:0:0:0:0:0:1 - - [02/июн./2018:10:55:23 +0300] "GET /FrontPage.GoogleChrome.InstrumentStatic HTTP/1.1" 200 12533
0:0:0:0:0:0:0:1 - - [02/июн./2018:10:55:23 +0300] "GET /files/fitnesse/css/fitnesse_wiki.css HTTP/1.1" 304 0
0:0:0:0:0:0:0:1 - - [02/июн./2018:10:55:23 +0300] "GET /files/fitnesse/css/fitnesse_pages.css HTTP/1.1" 304 0
0:0:0:0:0:0:0:1 - - [02/июн./2018:10:55:23 +0300] "GET /files/fitnesse/wysiwyg/wysiwyg.css HTTP/1.1" 304 0
0:0:0:0:0:0:0:1 - - [02/июн./2018:10:55:23 +0300] "GET /files/fitnesse/bootstrap/css/fitnesse-bootstrap.css HTTP/1.1" 304 0
0:0:0:0:0:0:0:1 - - [02/июн./2018:10:55:23 +0300] "GET /files/fitnesse/javascript/jquery-1.11.3.min.js HTTP/1.1" 304 0
0:0:0:0:0:0:0:1 - - [02/июн./2018:10:55:23 +0300] "GET /files/fitnesse/javascript/fitnesse.js HTTP/1.1" 304 0
0:0:0:0:0:0:0:1 - - [02/июн./2018:10:55:23 +0300] "GET /files/fitnesse/bootstrap/js/bootstrap.js HTTP/1.1" 304 0
0:0:0:0:0:0:0:1 - - [02/июн./2018:10:55:23 +0300] "GET /files/fitnesse/bootstrap/js/respond.js HTTP/1.1" 304 0
0:0:0:0:0:0:0:1 - - [02/июн./2018:10:55:23 +0300] "GET /files/fitnesse/javascript/mousetrap.min.js HTTP/1.1" 304 0
0:0:0:0:0:0:0:1 - - [02/июн./2018:10:55:23 +0300] "GET /files/fitnesse/images/fitnesse-logo-small.png HTTP/1.1" 304 0
0:0:0:0:0:0:0:1 - - [02/июн./2018:10:55:25 +0300] "GET /FrontPage.GoogleChrome.InstrumentStatic.PartII.InstrumentStaticRemoving HTTP/1.1" 200 12711
0:0:0:0:0:0:0:1 - - [02/июн./2018:10:55:25 +0300] "GET /files/fitnesse/css/fitnesse_wiki.css HTTP/1.1" 304 0
0:0:0:0:0:0:0:1 - - [02/июн./2018:10:55:25 +0300] "GET /files/fitnesse/wysiwyg/wysiwyg.css HTTP/1.1" 304 0
0:0:0:0:0:0:0:1 - - [02/июн./2018:10:55:25 +0300] "GET /files/fitnesse/css/fitnesse_pages.css HTTP/1.1" 304 0
0:0:0:0:0:0:0:1 - - [02/июн./2018:10:55:25 +0300] "GET /files/fitnesse/bootstrap/css/fitnesse-bootstrap.css HTTP/1.1" 304 0
0:0:0:0:0:0:0:1 - - [02/июн./2018:10:55:25 +0300] "GET /files/fitnesse/javascript/jquery-1.11.3.min.js HTTP/1.1" 304 0
0:0:0:0:0:0:0:1 - - [02/июн./2018:10:55:25 +0300] "GET /files/fitnesse/javascript/fitnesse.js HTTP/1.1" 304 0
0:0:0:0:0:0:0:1 - - [02/июн./2018:10:55:25 +0300] "GET /files/fitnesse/bootstrap/js/bootstrap.js HTTP/1.1" 304 0
0:0:0:0:0:0:0:1 - - [02/июн./2018:10:55:25 +0300] "GET /files/fitnesse/bootstrap/js/respond.js HTTP/1.1" 304 0
0:0:0:0:0:0:0:1 - - [02/июн./2018:10:55:25 +0300] "GET /files/fitnesse/javascript/mousetrap.min.js HTTP/1.1" 304 0
0:0:0:0:0:0:0:1 - - [02/июн./2018:10:55:25 +0300] "GET /files/fitnesse/images/fitnesse-logo-small.png HTTP/1.1" 304 0
0:0:0:0:0:0:0:1 - - [02/июн./2018:10:55:27 +0300] "GET /files/fitnesse/css/fitnesse_wiki.css HTTP/1.1" 304 0
0:0:0:0:0:0:0:1 - - [02/июн./2018:10:55:27 +0300] "GET /files/fitnesse/css/fitnesse_pages.css HTTP/1.1" 304 0
0:0:0:0:0:0:0:1 - - [02/июн./2018:10:55:27 +0300] "GET /files/fitnesse/wysiwyg/wysiwyg.css HTTP/1.1" 304 0
0:0:0:0:0:0:0:1 - - [02/июн./2018:10:55:27 +0300] "GET /files/fitnesse/bootstrap/css/fitnesse-bootstrap.css HTTP/1.1" 304 0
0:0:0:0:0:0:0:1 - - [02/июн./2018:10:55:27 +0300] "GET /files/fitnesse/javascript/jquery-1.11.3.min.js HTTP/1.1" 304 0
0:0:0:0:0:0:0:1 - - [02/июн./2018:10:55:27 +0300] "GET /files/fitnesse/bootstrap/js/respond.js HTTP/1.1" 304 0
0:0:0:0:0:0:0:1 - - [02/июн./2018:10:55:27 +0300] "GET /files/fitnesse/javascript/fitnesse.js HTTP/1.1" 304 0
0:0:0:0:0:0:0:1 - - [02/июн./2018:10:55:27 +0300] "GET /files/fitnesse/bootstrap/js/bootstrap.js HTTP/1.1" 304 0
0:0:0:0:0:0:0:1 - - [02/июн./2018:10:55:27 +0300] "GET /files/fitnesse/images/fitnesse-logo-small.png HTTP/1.1" 304 0
0:0:0:0:0:0:0:1 - - [02/июн./2018:10:56:21 +0300] "GET /files/fitnesse/images/collapsibleClosed.png HTTP/1.1" 304 0
0:0:0:0:0:0:0:1 - - [02/июн./2018:10:56:24 +0300] "GET /FrontPage.GoogleChrome.InstrumentStatic.PartII.InstrumentStaticRemoving?responder=stoptest&id=11 HTTP/1.1" 200 1993
0:0:0:0:0:0:0:1 - - [02/июн./2018:10:56:24 +0300] "GET /files/fitnesse/images/exception.png HTTP/1.1" 304 0
0:0:0:0:0:0:0:1 - - [02/июн./2018:10:56:24 +0300] "GET /FrontPage.GoogleChrome.InstrumentStatic.PartII.InstrumentStaticRemoving?test HTTP/1.1" 200 37483
0:0:0:0:0:0:0:1 - - [02/июн./2018:10:56:24 +0300] "GET /files/fitnesse/javascript/mousetrap.min.js HTTP/1.1" 304 0
0:0:0:0:0:0:0:1 - - [02/июн./2018:10:56:25 +0300] "GET /FrontPage.GoogleChrome.InstrumentStatic.PartII.InstrumentStaticRemoving HTTP/1.1" 200 12711
0:0:0:0:0:0:0:1 - - [02/июн./2018:10:56:25 +0300] "GET /files/fitnesse/css/fitnesse_wiki.css HTTP/1.1" 304 0
0:0:0:0:0:0:0:1 - - [02/июн./2018:10:56:25 +0300] "GET /files/fitnesse/css/fitnesse_pages.css HTTP/1.1" 304 0
0:0:0:0:0:0:0:1 - - [02/июн./2018:10:56:25 +0300] "GET /files/fitnesse/wysiwyg/wysiwyg.css HTTP/1.1" 304 0
0:0:0:0:0:0:0:1 - - [02/июн./2018:10:56:25 +0300] "GET /files/fitnesse/bootstrap/css/fitnesse-bootstrap.css HTTP/1.1" 304 0
0:0:0:0:0:0:0:1 - - [02/июн./2018:10:56:25 +0300] "GET /files/fitnesse/javascript/jquery-1.11.3.min.js HTTP/1.1" 304 0
0:0:0:0:0:0:0:1 - - [02/июн./2018:10:56:25 +0300] "GET /files/fitnesse/javascript/fitnesse.js HTTP/1.1" 304 0
0:0:0:0:0:0:0:1 - - [02/июн./2018:10:56:25 +0300] "GET /files/fitnesse/bootstrap/js/bootstrap.js HTTP/1.1" 304 0
0:0:0:0:0:0:0:1 - - [02/июн./2018:10:56:25 +0300] "GET /files/fitnesse/javascript/mousetrap.min.js HTTP/1.1" 304 0
0:0:0:0:0:0:0:1 - - [02/июн./2018:10:56:25 +0300] "GET /files/fitnesse/bootstrap/js/respond.js HTTP/1.1" 304 0
0:0:0:0:0:0:0:1 - - [02/июн./2018:10:56:25 +0300] "GET /files/fitnesse/images/fitnesse-logo-small.png HTTP/1.1" 304 0
0:0:0:0:0:0:0:1 - - [02/июн./2018:11:01:26 +0300] "GET /FrontPage.GoogleChrome.InstrumentStatic.PartII.InstrumentStaticRemoving HTTP/1.1" 200 12711
0:0:0:0:0:0:0:1 - - [02/июн./2018:11:01:26 +0300] "GET /files/fitnesse/css/fitnesse_wiki.css HTTP/1.1" 304 0
0:0:0:0:0:0:0:1 - - [02/июн./2018:11:01:26 +0300] "GET /files/fitnesse/css/fitnesse_pages.css HTTP/1.1" 304 0
0:0:0:0:0:0:0:1 - - [02/июн./2018:11:01:26 +0300] "GET /files/fitnesse/wysiwyg/wysiwyg.css HTTP/1.1" 304 0
0:0:0:0:0:0:0:1 - - [02/июн./2018:11:01:26 +0300] "GET /files/fitnesse/bootstrap/js/respond.js HTTP/1.1" 304 0
0:0:0:0:0:0:0:1 - - [02/июн./2018:11:01:26 +0300] "GET /files/fitnesse/bootstrap/js/bootstrap.js HTTP/1.1" 304 0
0:0:0:0:0:0:0:1 - - [02/июн./2018:11:01:26 +0300] "GET /files/fitnesse/javascript/fitnesse.js HTTP/1.1" 304 0
0:0:0:0:0:0:0:1 - - [02/июн./2018:11:01:26 +0300] "GET /files/fitnesse/javascript/jquery-1.11.3.min.js HTTP/1.1" 304 0
0:0:0:0:0:0:0:1 - - [02/июн./2018:11:01:26 +0300] "GET /files/fitnesse/javascript/mousetrap.min.js HTTP/1.1" 304 0
0:0:0:0:0:0:0:1 - - [02/июн./2018:11:01:26 +0300] "GET /files/fitnesse/bootstrap/css/fitnesse-bootstrap.css HTTP/1.1" 304 0
0:0:0:0:0:0:0:1 - - [02/июн./2018:11:01:26 +0300] "GET /files/fitnesse/images/fitnesse-logo-small.png HTTP/1.1" 304 0
0:0:0:0:0:0:0:1 - - [02/июн./2018:11:01:26 +0300] "GET /files/fitnesse/images/favicon.png HTTP/1.1" 200 6306
0:0:0:0:0:0:0:1 - - [02/июн./2018:11:05:14 +0300] "GET /FrontPage.GoogleChrome.InstrumentStatic HTTP/1.1" 200 12533
0:0:0:0:0:0:0:1 - - [02/июн./2018:11:05:14 +0300] "GET /files/fitnesse/css/fitnesse_wiki.css HTTP/1.1" 304 0
0:0:0:0:0:0:0:1 - - [02/июн./2018:11:05:14 +0300] "GET /files/fitnesse/bootstrap/js/bootstrap.js HTTP/1.1" 304 0
0:0:0:0:0:0:0:1 - - [02/июн./2018:11:05:14 +0300] "GET /files/fitnesse/javascript/jquery-1.11.3.min.js HTTP/1.1" 304 0
0:0:0:0:0:0:0:1 - - [02/июн./2018:11:05:14 +0300] "GET /files/fitnesse/bootstrap/js/respond.js HTTP/1.1" 304 0
0:0:0:0:0:0:0:1 - - [02/июн./2018:11:05:14 +0300] "GET /files/fitnesse/javascript/mousetrap.min.js HTTP/1.1" 304 0
0:0:0:0:0:0:0:1 - - [02/июн./2018:11:05:14 +0300] "GET /files/fitnesse/bootstrap/css/fitnesse-bootstrap.css HTTP/1.1" 304 0
0:0:0:0:0:0:0:1 - - [02/июн./2018:11:05:14 +0300] "GET /files/fitnesse/wysiwyg/wysiwyg.css HTTP/1.1" 304 0
0:0:0:0:0:0:0:1 - - [02/июн./2018:11:05:14 +0300] "GET /files/fitnesse/css/fitnesse_pages.css HTTP/1.1" 304 0
0:0:0:0:0:0:0:1 - - [02/июн./2018:11:05:14 +0300] "GET /files/fitnesse/javascript/fitnesse.js HTTP/1.1" 304 0
0:0:0:0:0:0:0:1 - - [02/июн./2018:11:05:14 +0300] "GET /files/fitnesse/images/fitnesse-logo-small.png HTTP/1.1" 304 0
0:0:0:0:0:0:0:1 - - [02/июн./2018:11:05:16 +0300] "GET /FrontPage.GoogleChrome.InstrumentStatic.PartI.InstrumentStaticCreation HTTP/1.1" 200 14017
0:0:0:0:0:0:0:1 - - [02/июн./2018:11:05:16 +0300] "GET /files/fitnesse/css/fitnesse_wiki.css HTTP/1.1" 304 0
0:0:0:0:0:0:0:1 - - [02/июн./2018:11:05:16 +0300] "GET /files/fitnesse/css/fitnesse_pages.css HTTP/1.1" 304 0
0:0:0:0:0:0:0:1 - - [02/июн./2018:11:05:16 +0300] "GET /files/fitnesse/wysiwyg/wysiwyg.css HTTP/1.1" 304 0
0:0:0:0:0:0:0:1 - - [02/июн./2018:11:05:16 +0300] "GET /files/fitnesse/bootstrap/css/fitnesse-bootstrap.css HTTP/1.1" 304 0
0:0:0:0:0:0:0:1 - - [02/июн./2018:11:05:16 +0300] "GET /files/fitnesse/javascript/jquery-1.11.3.min.js HTTP/1.1" 304 0
0:0:0:0:0:0:0:1 - - [02/июн./2018:11:05:16 +0300] "GET /files/fitnesse/javascript/fitnesse.js HTTP/1.1" 304 0
0:0:0:0:0:0:0:1 - - [02/июн./2018:11:05:16 +0300] "GET /files/fitnesse/bootstrap/js/bootstrap.js HTTP/1.1" 304 0
0:0:0:0:0:0:0:1 - - [02/июн./2018:11:05:16 +0300] "GET /files/fitnesse/bootstrap/js/respond.js HTTP/1.1" 304 0
0:0:0:0:0:0:0:1 - - [02/июн./2018:11:05:16 +0300] "GET /files/fitnesse/javascript/mousetrap.min.js HTTP/1.1" 304 0
0:0:0:0:0:0:0:1 - - [02/июн./2018:11:05:16 +0300] "GET /files/fitnesse/images/fitnesse-logo-small.png HTTP/1.1" 304 0
0:0:0:0:0:0:0:1 - - [02/июн./2018:11:05:27 +0300] "GET /files/fitnesse/bootstrap/css/fitnesse-bootstrap.css HTTP/1.1" 304 0
0:0:0:0:0:0:0:1 - - [02/июн./2018:11:05:27 +0300] "GET /files/fitnesse/wysiwyg/wysiwyg.css HTTP/1.1" 304 0
0:0:0:0:0:0:0:1 - - [02/июн./2018:11:05:27 +0300] "GET /files/fitnesse/css/fitnesse_pages.css HTTP/1.1" 304 0
0:0:0:0:0:0:0:1 - - [02/июн./2018:11:05:27 +0300] "GET /files/fitnesse/css/fitnesse_wiki.css HTTP/1.1" 304 0
0:0:0:0:0:0:0:1 - - [02/июн./2018:11:05:27 +0300] "GET /files/fitnesse/javascript/jquery-1.11.3.min.js HTTP/1.1" 304 0
0:0:0:0:0:0:0:1 - - [02/июн./2018:11:05:27 +0300] "GET /files/fitnesse/javascript/fitnesse.js HTTP/1.1" 304 0
0:0:0:0:0:0:0:1 - - [02/июн./2018:11:05:27 +0300] "GET /files/fitnesse/bootstrap/js/bootstrap.js HTTP/1.1" 304 0
0:0:0:0:0:0:0:1 - - [02/июн./2018:11:05:27 +0300] "GET /files/fitnesse/bootstrap/js/respond.js HTTP/1.1" 304 0
0:0:0:0:0:0:0:1 - - [02/июн./2018:11:05:27 +0300] "GET /files/fitnesse/images/fitnesse-logo-small.png HTTP/1.1" 304 0
0:0:0:0:0:0:0:1 - - [02/июн./2018:11:06:03 +0300] "GET /FrontPage.GoogleChrome.InstrumentStatic.PartI.InstrumentStaticCreation?test HTTP/1.1" 200 94889
0:0:0:0:0:0:0:1 - - [02/июн./2018:11:06:03 +0300] "GET /files/fitnesse/javascript/mousetrap.min.js HTTP/1.1" 304 0
0:0:0:0:0:0:0:1 - - [02/июн./2018:11:07:32 +0300] "GET /FrontPage.GoogleChrome.InstrumentStatic.PartI.InstrumentStaticCreation HTTP/1.1" 200 14017
0:0:0:0:0:0:0:1 - - [02/июн./2018:11:07:32 +0300] "GET /files/fitnesse/javascript/jquery-1.11.3.min.js HTTP/1.1" 304 0
0:0:0:0:0:0:0:1 - - [02/июн./2018:11:07:32 +0300] "GET /files/fitnesse/bootstrap/css/fitnesse-bootstrap.css HTTP/1.1" 304 0
0:0:0:0:0:0:0:1 - - [02/июн./2018:11:07:32 +0300] "GET /files/fitnesse/wysiwyg/wysiwyg.css HTTP/1.1" 304 0
0:0:0:0:0:0:0:1 - - [02/июн./2018:11:07:32 +0300] "GET /files/fitnesse/css/fitnesse_pages.css HTTP/1.1" 304 0
0:0:0:0:0:0:0:1 - - [02/июн./2018:11:07:32 +0300] "GET /files/fitnesse/javascript/fitnesse.js HTTP/1.1" 304 0
0:0:0:0:0:0:0:1 - - [02/июн./2018:11:07:32 +0300] "GET /files/fitnesse/css/fitnesse_wiki.css HTTP/1.1" 304 0
0:0:0:0:0:0:0:1 - - [02/июн./2018:11:07:32 +0300] "GET /files/fitnesse/bootstrap/js/bootstrap.js HTTP/1.1" 304 0
0:0:0:0:0:0:0:1 - - [02/июн./2018:11:07:32 +0300] "GET /files/fitnesse/bootstrap/js/respond.js HTTP/1.1" 304 0
0:0:0:0:0:0:0:1 - - [02/июн./2018:11:07:32 +0300] "GET /files/fitnesse/javascript/mousetrap.min.js HTTP/1.1" 304 0
0:0:0:0:0:0:0:1 - - [02/июн./2018:11:07:32 +0300] "GET /files/fitnesse/images/fitnesse-logo-small.png HTTP/1.1" 304 0
0:0:0:0:0:0:0:1 - - [02/июн./2018:11:07:35 +0300] "GET /FrontPage.GoogleChrome.InstrumentStatic.PartI HTTP/1.1" 200 9967
0:0:0:0:0:0:0:1 - - [02/июн./2018:11:07:35 +0300] "GET /files/fitnesse/css/fitnesse_wiki.css HTTP/1.1" 304 0
0:0:0:0:0:0:0:1 - - [02/июн./2018:11:07:35 +0300] "GET /files/fitnesse/wysiwyg/wysiwyg.css HTTP/1.1" 304 0
0:0:0:0:0:0:0:1 - - [02/июн./2018:11:07:35 +0300] "GET /files/fitnesse/bootstrap/css/fitnesse-bootstrap.css HTTP/1.1" 304 0
0:0:0:0:0:0:0:1 - - [02/июн./2018:11:07:35 +0300] "GET /files/fitnesse/javascript/jquery-1.11.3.min.js HTTP/1.1" 304 0
0:0:0:0:0:0:0:1 - - [02/июн./2018:11:07:35 +0300] "GET /files/fitnesse/javascript/fitnesse.js HTTP/1.1" 304 0
0:0:0:0:0:0:0:1 - - [02/июн./2018:11:07:35 +0300] "GET /files/fitnesse/css/fitnesse_pages.css HTTP/1.1" 304 0
0:0:0:0:0:0:0:1 - - [02/июн./2018:11:07:35 +0300] "GET /files/fitnesse/bootstrap/js/bootstrap.js HTTP/1.1" 304 0
0:0:0:0:0:0:0:1 - - [02/июн./2018:11:07:35 +0300] "GET /files/fitnesse/bootstrap/js/respond.js HTTP/1.1" 304 0
0:0:0:0:0:0:0:1 - - [02/июн./2018:11:07:35 +0300] "GET /files/fitnesse/javascript/mousetrap.min.js HTTP/1.1" 304 0
0:0:0:0:0:0:0:1 - - [02/июн./2018:11:07:35 +0300] "GET /files/fitnesse/images/fitnesse-logo-small.png HTTP/1.1" 304 0
0:0:0:0:0:0:0:1 - - [02/июн./2018:11:07:37 +0300] "GET /FrontPage.GoogleChrome.InstrumentStatic HTTP/1.1" 200 12533
0:0:0:0:0:0:0:1 - - [02/июн./2018:11:07:37 +0300] "GET /files/fitnesse/css/fitnesse_wiki.css HTTP/1.1" 304 0
0:0:0:0:0:0:0:1 - - [02/июн./2018:11:07:37 +0300] "GET /files/fitnesse/css/fitnesse_pages.css HTTP/1.1" 304 0
0:0:0:0:0:0:0:1 - - [02/июн./2018:11:07:37 +0300] "GET /files/fitnesse/wysiwyg/wysiwyg.css HTTP/1.1" 304 0
0:0:0:0:0:0:0:1 - - [02/июн./2018:11:07:37 +0300] "GET /files/fitnesse/bootstrap/css/fitnesse-bootstrap.css HTTP/1.1" 304 0
0:0:0:0:0:0:0:1 - - [02/июн./2018:11:07:37 +0300] "GET /files/fitnesse/javascript/jquery-1.11.3.min.js HTTP/1.1" 304 0
0:0:0:0:0:0:0:1 - - [02/июн./2018:11:07:37 +0300] "GET /files/fitnesse/bootstrap/js/respond.js HTTP/1.1" 304 0
0:0:0:0:0:0:0:1 - - [02/июн./2018:11:07:37 +0300] "GET /files/fitnesse/bootstrap/js/bootstrap.js HTTP/1.1" 304 0
0:0:0:0:0:0:0:1 - - [02/июн./2018:11:07:37 +0300] "GET /files/fitnesse/javascript/fitnesse.js HTTP/1.1" 304 0
0:0:0:0:0:0:0:1 - - [02/июн./2018:11:07:37 +0300] "GET /files/fitnesse/javascript/mousetrap.min.js HTTP/1.1" 304 0
0:0:0:0:0:0:0:1 - - [02/июн./2018:11:07:37 +0300] "GET /files/fitnesse/images/fitnesse-logo-small.png HTTP/1.1" 304 0
0:0:0:0:0:0:0:1 - - [02/июн./2018:11:07:40 +0300] "GET /FrontPage.GoogleChrome HTTP/1.1" 200 9665
0:0:0:0:0:0:0:1 - - [02/июн./2018:11:07:40 +0300] "GET /files/fitnesse/css/fitnesse_wiki.css HTTP/1.1" 304 0
0:0:0:0:0:0:0:1 - - [02/июн./2018:11:07:40 +0300] "GET /files/fitnesse/css/fitnesse_pages.css HTTP/1.1" 304 0
0:0:0:0:0:0:0:1 - - [02/июн./2018:11:07:40 +0300] "GET /files/fitnesse/wysiwyg/wysiwyg.css HTTP/1.1" 304 0
0:0:0:0:0:0:0:1 - - [02/июн./2018:11:07:40 +0300] "GET /files/fitnesse/bootstrap/css/fitnesse-bootstrap.css HTTP/1.1" 304 0
0:0:0:0:0:0:0:1 - - [02/июн./2018:11:07:40 +0300] "GET /files/fitnesse/javascript/jquery-1.11.3.min.js HTTP/1.1" 304 0
0:0:0:0:0:0:0:1 - - [02/июн./2018:11:07:40 +0300] "GET /files/fitnesse/javascript/fitnesse.js HTTP/1.1" 304 0
0:0:0:0:0:0:0:1 - - [02/июн./2018:11:07:40 +0300] "GET /files/fitnesse/bootstrap/js/bootstrap.js HTTP/1.1" 304 0
0:0:0:0:0:0:0:1 - - [02/июн./2018:11:07:40 +0300] "GET /files/fitnesse/bootstrap/js/respond.js HTTP/1.1" 304 0
0:0:0:0:0:0:0:1 - - [02/июн./2018:11:07:40 +0300] "GET /files/fitnesse/javascript/mousetrap.min.js HTTP/1.1" 304 0
0:0:0:0:0:0:0:1 - - [02/июн./2018:11:07:40 +0300] "GET /files/fitnesse/images/fitnesse-logo-small.png HTTP/1.1" 304 0
0:0:0:0:0:0:0:1 - - [02/июн./2018:11:07:42 +0300] "GET /FrontPage.GoogleChrome.InstrumentTypes HTTP/1.1" 200 9440
0:0:0:0:0:0:0:1 - - [02/июн./2018:11:07:42 +0300] "GET /files/fitnesse/css/fitnesse_wiki.css HTTP/1.1" 304 0
0:0:0:0:0:0:0:1 - - [02/июн./2018:11:07:42 +0300] "GET /files/fitnesse/css/fitnesse_pages.css HTTP/1.1" 304 0
0:0:0:0:0:0:0:1 - - [02/июн./2018:11:07:42 +0300] "GET /files/fitnesse/wysiwyg/wysiwyg.css HTTP/1.1" 304 0
0:0:0:0:0:0:0:1 - - [02/июн./2018:11:07:42 +0300] "GET /files/fitnesse/bootstrap/css/fitnesse-bootstrap.css HTTP/1.1" 304 0
0:0:0:0:0:0:0:1 - - [02/июн./2018:11:07:42 +0300] "GET /files/fitnesse/javascript/jquery-1.11.3.min.js HTTP/1.1" 304 0
0:0:0:0:0:0:0:1 - - [02/июн./2018:11:07:42 +0300] "GET /files/fitnesse/javascript/fitnesse.js HTTP/1.1" 304 0
0:0:0:0:0:0:0:1 - - [02/июн./2018:11:07:42 +0300] "GET /files/fitnesse/bootstrap/js/bootstrap.js HTTP/1.1" 304 0
0:0:0:0:0:0:0:1 - - [02/июн./2018:11:07:42 +0300] "GET /files/fitnesse/bootstrap/js/respond.js HTTP/1.1" 304 0
0:0:0:0:0:0:0:1 - - [02/июн./2018:11:07:42 +0300] "GET /files/fitnesse/javascript/mousetrap.min.js HTTP/1.1" 304 0
0:0:0:0:0:0:0:1 - - [02/июн./2018:11:07:42 +0300] "GET /files/fitnesse/images/fitnesse-logo-small.png HTTP/1.1" 304 0
0:0:0:0:0:0:0:1 - - [02/июн./2018:11:07:43 +0300] "GET /FrontPage.GoogleChrome.InstrumentTypes.InstrumentTypesCreation HTTP/1.1" 200 12444
0:0:0:0:0:0:0:1 - - [02/июн./2018:11:07:43 +0300] "GET /files/fitnesse/css/fitnesse_wiki.css HTTP/1.1" 304 0
0:0:0:0:0:0:0:1 - - [02/июн./2018:11:07:43 +0300] "GET /files/fitnesse/css/fitnesse_pages.css HTTP/1.1" 304 0
0:0:0:0:0:0:0:1 - - [02/июн./2018:11:07:43 +0300] "GET /files/fitnesse/wysiwyg/wysiwyg.css HTTP/1.1" 304 0
0:0:0:0:0:0:0:1 - - [02/июн./2018:11:07:43 +0300] "GET /files/fitnesse/bootstrap/css/fitnesse-bootstrap.css HTTP/1.1" 304 0
0:0:0:0:0:0:0:1 - - [02/июн./2018:11:07:43 +0300] "GET /files/fitnesse/javascript/jquery-1.11.3.min.js HTTP/1.1" 304 0
0:0:0:0:0:0:0:1 - - [02/июн./2018:11:07:43 +0300] "GET /files/fitnesse/javascript/fitnesse.js HTTP/1.1" 304 0
0:0:0:0:0:0:0:1 - - [02/июн./2018:11:07:43 +0300] "GET /files/fitnesse/bootstrap/js/bootstrap.js HTTP/1.1" 304 0
0:0:0:0:0:0:0:1 - - [02/июн./2018:11:07:43 +0300] "GET /files/fitnesse/bootstrap/js/respond.js HTTP/1.1" 304 0
0:0:0:0:0:0:0:1 - - [02/июн./2018:11:07:43 +0300] "GET /files/fitnesse/javascript/mousetrap.min.js HTTP/1.1" 304 0
0:0:0:0:0:0:0:1 - - [02/июн./2018:11:07:43 +0300] "GET /files/fitnesse/images/fitnesse-logo-small.png HTTP/1.1" 304 0
0:0:0:0:0:0:0:1 - - [02/июн./2018:11:07:45 +0300] "GET /files/fitnesse/css/fitnesse_pages.css HTTP/1.1" 304 0
0:0:0:0:0:0:0:1 - - [02/июн./2018:11:07:45 +0300] "GET /files/fitnesse/css/fitnesse_wiki.css HTTP/1.1" 304 0
0:0:0:0:0:0:0:1 - - [02/июн./2018:11:07:45 +0300] "GET /files/fitnesse/bootstrap/css/fitnesse-bootstrap.css HTTP/1.1" 304 0
0:0:0:0:0:0:0:1 - - [02/июн./2018:11:07:45 +0300] "GET /files/fitnesse/javascript/jquery-1.11.3.min.js HTTP/1.1" 304 0
0:0:0:0:0:0:0:1 - - [02/июн./2018:11:07:45 +0300] "GET /files/fitnesse/wysiwyg/wysiwyg.css HTTP/1.1" 304 0
0:0:0:0:0:0:0:1 - - [02/июн./2018:11:07:45 +0300] "GET /files/fitnesse/javascript/fitnesse.js HTTP/1.1" 304 0
0:0:0:0:0:0:0:1 - - [02/июн./2018:11:07:45 +0300] "GET /files/fitnesse/bootstrap/js/bootstrap.js HTTP/1.1" 304 0
0:0:0:0:0:0:0:1 - - [02/июн./2018:11:07:45 +0300] "GET /files/fitnesse/bootstrap/js/respond.js HTTP/1.1" 304 0
0:0:0:0:0:0:0:1 - - [02/июн./2018:11:07:45 +0300] "GET /files/fitnesse/images/fitnesse-logo-small.png HTTP/1.1" 304 0
0:0:0:0:0:0:0:1 - - [02/июн./2018:11:08:30 +0300] "GET /FrontPage.GoogleChrome.InstrumentTypes.InstrumentTypesCreation?test HTTP/1.1" 200 15225
0:0:0:0:0:0:0:1 - - [02/июн./2018:11:08:30 +0300] "GET /files/fitnesse/javascript/mousetrap.min.js HTTP/1.1" 304 0
0:0:0:0:0:0:0:1 - - [02/июн./2018:11:08:30 +0300] "GET /files/fitnesse/images/checkmark.png HTTP/1.1" 304 0
0:0:0:0:0:0:0:1 - - [02/июн./2018:11:08:59 +0300] "GET /FrontPage.GoogleChrome.InstrumentTypes.InstrumentTypesCreation HTTP/1.1" 200 12444
0:0:0:0:0:0:0:1 - - [02/июн./2018:11:08:59 +0300] "GET /files/fitnesse/css/fitnesse_wiki.css HTTP/1.1" 304 0
0:0:0:0:0:0:0:1 - - [02/июн./2018:11:08:59 +0300] "GET /files/fitnesse/css/fitnesse_pages.css HTTP/1.1" 304 0
0:0:0:0:0:0:0:1 - - [02/июн./2018:11:08:59 +0300] "GET /files/fitnesse/wysiwyg/wysiwyg.css HTTP/1.1" 304 0
0:0:0:0:0:0:0:1 - - [02/июн./2018:11:08:59 +0300] "GET /files/fitnesse/bootstrap/css/fitnesse-bootstrap.css HTTP/1.1" 304 0
0:0:0:0:0:0:0:1 - - [02/июн./2018:11:08:59 +0300] "GET /files/fitnesse/javascript/jquery-1.11.3.min.js HTTP/1.1" 304 0
0:0:0:0:0:0:0:1 - - [02/июн./2018:11:08:59 +0300] "GET /files/fitnesse/javascript/fitnesse.js HTTP/1.1" 304 0
0:0:0:0:0:0:0:1 - - [02/июн./2018:11:08:59 +0300] "GET /files/fitnesse/bootstrap/js/bootstrap.js HTTP/1.1" 304 0
0:0:0:0:0:0:0:1 - - [02/июн./2018:11:08:59 +0300] "GET /files/fitnesse/bootstrap/js/respond.js HTTP/1.1" 304 0
0:0:0:0:0:0:0:1 - - [02/июн./2018:11:08:59 +0300] "GET /files/fitnesse/javascript/mousetrap.min.js HTTP/1.1" 304 0
0:0:0:0:0:0:0:1 - - [02/июн./2018:11:08:59 +0300] "GET /files/fitnesse/images/fitnesse-logo-small.png HTTP/1.1" 304 0
0:0:0:0:0:0:0:1 - - [02/июн./2018:11:09:43 +0300] "GET /files/fitnesse/css/fitnesse_wiki.css HTTP/1.1" 304 0
0:0:0:0:0:0:0:1 - - [02/июн./2018:11:09:43 +0300] "GET /files/fitnesse/css/fitnesse_pages.css HTTP/1.1" 304 0
0:0:0:0:0:0:0:1 - - [02/июн./2018:11:09:43 +0300] "GET /files/fitnesse/bootstrap/css/fitnesse-bootstrap.css HTTP/1.1" 304 0
0:0:0:0:0:0:0:1 - - [02/июн./2018:11:09:43 +0300] "GET /files/fitnesse/javascript/jquery-1.11.3.min.js HTTP/1.1" 304 0
0:0:0:0:0:0:0:1 - - [02/июн./2018:11:09:43 +0300] "GET /files/fitnesse/javascript/fitnesse.js HTTP/1.1" 304 0
0:0:0:0:0:0:0:1 - - [02/июн./2018:11:09:43 +0300] "GET /files/fitnesse/wysiwyg/wysiwyg.css HTTP/1.1" 304 0
0:0:0:0:0:0:0:1 - - [02/июн./2018:11:09:43 +0300] "GET /files/fitnesse/bootstrap/js/bootstrap.js HTTP/1.1" 304 0
0:0:0:0:0:0:0:1 - - [02/июн./2018:11:09:43 +0300] "GET /files/fitnesse/bootstrap/js/respond.js HTTP/1.1" 304 0
0:0:0:0:0:0:0:1 - - [02/июн./2018:11:09:43 +0300] "GET /files/fitnesse/images/fitnesse-logo-small.png HTTP/1.1" 304 0
0:0:0:0:0:0:0:1 - - [02/июн./2018:11:10:18 +0300] "GET /FrontPage.GoogleChrome.InstrumentTypes.InstrumentTypesCreation?test HTTP/1.1" 200 15225
0:0:0:0:0:0:0:1 - - [02/июн./2018:11:10:18 +0300] "GET /files/fitnesse/javascript/mousetrap.min.js HTTP/1.1" 304 0
0:0:0:0:0:0:0:1 - - [02/июн./2018:11:13:02 +0300] "GET /FrontPage.GoogleChrome.InstrumentTypes.InstrumentTypesCreation HTTP/1.1" 200 12444
0:0:0:0:0:0:0:1 - - [02/июн./2018:11:13:02 +0300] "GET /files/fitnesse/bootstrap/css/fitnesse-bootstrap.css HTTP/1.1" 304 0
0:0:0:0:0:0:0:1 - - [02/июн./2018:11:13:02 +0300] "GET /files/fitnesse/javascript/jquery-1.11.3.min.js HTTP/1.1" 304 0
0:0:0:0:0:0:0:1 - - [02/июн./2018:11:13:02 +0300] "GET /files/fitnesse/wysiwyg/wysiwyg.css HTTP/1.1" 304 0
0:0:0:0:0:0:0:1 - - [02/июн./2018:11:13:02 +0300] "GET /files/fitnesse/css/fitnesse_pages.css HTTP/1.1" 304 0
0:0:0:0:0:0:0:1 - - [02/июн./2018:11:13:02 +0300] "GET /files/fitnesse/css/fitnesse_wiki.css HTTP/1.1" 304 0
0:0:0:0:0:0:0:1 - - [02/июн./2018:11:13:02 +0300] "GET /files/fitnesse/javascript/fitnesse.js HTTP/1.1" 304 0
0:0:0:0:0:0:0:1 - - [02/июн./2018:11:13:02 +0300] "GET /files/fitnesse/bootstrap/js/bootstrap.js HTTP/1.1" 304 0
0:0:0:0:0:0:0:1 - - [02/июн./2018:11:13:02 +0300] "GET /files/fitnesse/bootstrap/js/respond.js HTTP/1.1" 304 0
0:0:0:0:0:0:0:1 - - [02/июн./2018:11:13:02 +0300] "GET /files/fitnesse/javascript/mousetrap.min.js HTTP/1.1" 304 0
0:0:0:0:0:0:0:1 - - [02/июн./2018:11:13:02 +0300] "GET /files/fitnesse/images/fitnesse-logo-small.png HTTP/1.1" 304 0
0:0:0:0:0:0:0:1 - - [02/июн./2018:11:52:39 +0300] "GET /FrontPage.GoogleChrome.InstrumentTypes.InstrumentTypesCreation HTTP/1.1" 200 12444
0:0:0:0:0:0:0:1 - - [02/июн./2018:11:52:39 +0300] "GET /files/fitnesse/javascript/jquery-1.11.3.min.js HTTP/1.1" 304 0
0:0:0:0:0:0:0:1 - - [02/июн./2018:11:52:39 +0300] "GET /files/fitnesse/bootstrap/css/fitnesse-bootstrap.css HTTP/1.1" 304 0
0:0:0:0:0:0:0:1 - - [02/июн./2018:11:52:39 +0300] "GET /files/fitnesse/bootstrap/js/bootstrap.js HTTP/1.1" 304 0
0:0:0:0:0:0:0:1 - - [02/июн./2018:11:52:39 +0300] "GET /files/fitnesse/wysiwyg/wysiwyg.css HTTP/1.1" 304 0
0:0:0:0:0:0:0:1 - - [02/июн./2018:11:52:39 +0300] "GET /files/fitnesse/bootstrap/js/respond.js HTTP/1.1" 304 0
0:0:0:0:0:0:0:1 - - [02/июн./2018:11:52:39 +0300] "GET /files/fitnesse/javascript/mousetrap.min.js HTTP/1.1" 304 0
0:0:0:0:0:0:0:1 - - [02/июн./2018:11:52:39 +0300] "GET /files/fitnesse/css/fitnesse_pages.css HTTP/1.1" 304 0
0:0:0:0:0:0:0:1 - - [02/июн./2018:11:52:39 +0300] "GET /files/fitnesse/javascript/fitnesse.js HTTP/1.1" 304 0
0:0:0:0:0:0:0:1 - - [02/июн./2018:11:52:39 +0300] "GET /files/fitnesse/css/fitnesse_wiki.css HTTP/1.1" 304 0
0:0:0:0:0:0:0:1 - - [02/июн./2018:11:52:39 +0300] "GET /files/fitnesse/images/fitnesse-logo-small.png HTTP/1.1" 304 0
0:0:0:0:0:0:0:1 - - [02/июн./2018:11:52:39 +0300] "GET /files/fitnesse/images/favicon.png HTTP/1.1" 200 6306
0:0:0:0:0:0:0:1 - - [02/июн./2018:12:05:57 +0300] "GET /FrontPage HTTP/1.1" 200 7991
0:0:0:0:0:0:0:1 - - [02/июн./2018:12:05:57 +0300] "GET /files/fitnesse/css/fitnesse_wiki.css HTTP/1.1" 304 0
0:0:0:0:0:0:0:1 - - [02/июн./2018:12:05:57 +0300] "GET /files/fitnesse/bootstrap/css/fitnesse-bootstrap.css HTTP/1.1" 304 0
0:0:0:0:0:0:0:1 - - [02/июн./2018:12:05:57 +0300] "GET /files/fitnesse/javascript/jquery-1.11.3.min.js HTTP/1.1" 304 0
0:0:0:0:0:0:0:1 - - [02/июн./2018:12:05:57 +0300] "GET /files/fitnesse/css/fitnesse_pages.css HTTP/1.1" 304 0
0:0:0:0:0:0:0:1 - - [02/июн./2018:12:05:57 +0300] "GET /files/fitnesse/javascript/fitnesse.js HTTP/1.1" 304 0
0:0:0:0:0:0:0:1 - - [02/июн./2018:12:05:57 +0300] "GET /files/fitnesse/wysiwyg/wysiwyg.css HTTP/1.1" 304 0
0:0:0:0:0:0:0:1 - - [02/июн./2018:12:05:57 +0300] "GET /files/fitnesse/bootstrap/js/respond.js HTTP/1.1" 304 0
0:0:0:0:0:0:0:1 - - [02/июн./2018:12:05:57 +0300] "GET /files/fitnesse/javascript/mousetrap.min.js HTTP/1.1" 304 0
0:0:0:0:0:0:0:1 - - [02/июн./2018:12:05:57 +0300] "GET /files/fitnesse/bootstrap/js/bootstrap.js HTTP/1.1" 304 0
0:0:0:0:0:0:0:1 - - [02/июн./2018:12:05:57 +0300] "GET /files/fitnesse/images/fitnesse-logo-small.png HTTP/1.1" 304 0
