0:0:0:0:0:0:0:1 - - [01/июн./2018:17:39:28 +0300] "GET / HTTP/1.1" 200 7991
0:0:0:0:0:0:0:1 - - [01/июн./2018:17:39:28 +0300] "GET /files/fitnesse/javascript/jquery-1.11.3.min.js HTTP/1.1" 200 95957
0:0:0:0:0:0:0:1 - - [01/июн./2018:17:39:28 +0300] "GET /files/fitnesse/wysiwyg/wysiwyg.css HTTP/1.1" 200 4255
0:0:0:0:0:0:0:1 - - [01/июн./2018:17:39:28 +0300] "GET /files/fitnesse/bootstrap/js/bootstrap.js HTTP/1.1" 200 68954
0:0:0:0:0:0:0:1 - - [01/июн./2018:17:39:28 +0300] "GET /files/fitnesse/css/fitnesse_pages.css HTTP/1.1" 200 6119
0:0:0:0:0:0:0:1 - - [01/июн./2018:17:39:28 +0300] "GET /files/fitnesse/css/fitnesse_wiki.css HTTP/1.1" 200 4144
0:0:0:0:0:0:0:1 - - [01/июн./2018:17:39:28 +0300] "GET /files/fitnesse/bootstrap/css/fitnesse-bootstrap.css HTTP/1.1" 200 148963
0:0:0:0:0:0:0:1 - - [01/июн./2018:17:39:28 +0300] "GET /files/fitnesse/bootstrap/js/respond.js HTTP/1.1" 200 9746
0:0:0:0:0:0:0:1 - - [01/июн./2018:17:39:28 +0300] "GET /files/fitnesse/javascript/mousetrap.min.js HTTP/1.1" 200 3850
0:0:0:0:0:0:0:1 - - [01/июн./2018:17:39:28 +0300] "GET /files/fitnesse/javascript/fitnesse.js HTTP/1.1" 200 7326
0:0:0:0:0:0:0:1 - - [01/июн./2018:17:39:28 +0300] "GET /files/fitnesse/images/fitnesse-logo-small.png HTTP/1.1" 200 10408
0:0:0:0:0:0:0:1 - - [01/июн./2018:17:39:28 +0300] "GET /files/fitnesse/images/favicon.png HTTP/1.1" 200 6306
0:0:0:0:0:0:0:1 - - [01/июн./2018:17:39:39 +0300] "GET /FrontPage.GoogleChrome HTTP/1.1" 200 9665
0:0:0:0:0:0:0:1 - - [01/июн./2018:17:39:39 +0300] "GET /files/fitnesse/css/fitnesse_wiki.css HTTP/1.1" 304 0
0:0:0:0:0:0:0:1 - - [01/июн./2018:17:39:39 +0300] "GET /files/fitnesse/css/fitnesse_pages.css HTTP/1.1" 304 0
0:0:0:0:0:0:0:1 - - [01/июн./2018:17:39:39 +0300] "GET /files/fitnesse/bootstrap/css/fitnesse-bootstrap.css HTTP/1.1" 304 0
0:0:0:0:0:0:0:1 - - [01/июн./2018:17:39:39 +0300] "GET /files/fitnesse/wysiwyg/wysiwyg.css HTTP/1.1" 304 0
0:0:0:0:0:0:0:1 - - [01/июн./2018:17:39:39 +0300] "GET /files/fitnesse/javascript/jquery-1.11.3.min.js HTTP/1.1" 304 0
0:0:0:0:0:0:0:1 - - [01/июн./2018:17:39:39 +0300] "GET /files/fitnesse/bootstrap/js/bootstrap.js HTTP/1.1" 304 0
0:0:0:0:0:0:0:1 - - [01/июн./2018:17:39:39 +0300] "GET /files/fitnesse/javascript/mousetrap.min.js HTTP/1.1" 304 0
0:0:0:0:0:0:0:1 - - [01/июн./2018:17:39:39 +0300] "GET /files/fitnesse/javascript/fitnesse.js HTTP/1.1" 304 0
0:0:0:0:0:0:0:1 - - [01/июн./2018:17:39:39 +0300] "GET /files/fitnesse/bootstrap/js/respond.js HTTP/1.1" 304 0
0:0:0:0:0:0:0:1 - - [01/июн./2018:17:39:39 +0300] "GET /files/fitnesse/images/fitnesse-logo-small.png HTTP/1.1" 304 0
0:0:0:0:0:0:0:1 - - [01/июн./2018:17:39:42 +0300] "GET /FrontPage.GoogleChrome.InstrumentTypes HTTP/1.1" 200 9440
0:0:0:0:0:0:0:1 - - [01/июн./2018:17:39:42 +0300] "GET /files/fitnesse/css/fitnesse_wiki.css HTTP/1.1" 304 0
0:0:0:0:0:0:0:1 - - [01/июн./2018:17:39:42 +0300] "GET /files/fitnesse/bootstrap/css/fitnesse-bootstrap.css HTTP/1.1" 304 0
0:0:0:0:0:0:0:1 - - [01/июн./2018:17:39:42 +0300] "GET /files/fitnesse/css/fitnesse_pages.css HTTP/1.1" 304 0
0:0:0:0:0:0:0:1 - - [01/июн./2018:17:39:42 +0300] "GET /files/fitnesse/wysiwyg/wysiwyg.css HTTP/1.1" 304 0
0:0:0:0:0:0:0:1 - - [01/июн./2018:17:39:42 +0300] "GET /files/fitnesse/javascript/jquery-1.11.3.min.js HTTP/1.1" 304 0
0:0:0:0:0:0:0:1 - - [01/июн./2018:17:39:42 +0300] "GET /files/fitnesse/bootstrap/js/bootstrap.js HTTP/1.1" 304 0
0:0:0:0:0:0:0:1 - - [01/июн./2018:17:39:42 +0300] "GET /files/fitnesse/javascript/fitnesse.js HTTP/1.1" 304 0
0:0:0:0:0:0:0:1 - - [01/июн./2018:17:39:42 +0300] "GET /files/fitnesse/bootstrap/js/respond.js HTTP/1.1" 304 0
0:0:0:0:0:0:0:1 - - [01/июн./2018:17:39:42 +0300] "GET /files/fitnesse/javascript/mousetrap.min.js HTTP/1.1" 304 0
0:0:0:0:0:0:0:1 - - [01/июн./2018:17:39:42 +0300] "GET /files/fitnesse/images/fitnesse-logo-small.png HTTP/1.1" 304 0
0:0:0:0:0:0:0:1 - - [01/июн./2018:17:39:44 +0300] "GET /FrontPage.GoogleChrome HTTP/1.1" 200 9665
0:0:0:0:0:0:0:1 - - [01/июн./2018:17:39:44 +0300] "GET /files/fitnesse/css/fitnesse_pages.css HTTP/1.1" 304 0
0:0:0:0:0:0:0:1 - - [01/июн./2018:17:39:44 +0300] "GET /files/fitnesse/css/fitnesse_wiki.css HTTP/1.1" 304 0
0:0:0:0:0:0:0:1 - - [01/июн./2018:17:39:44 +0300] "GET /files/fitnesse/wysiwyg/wysiwyg.css HTTP/1.1" 304 0
0:0:0:0:0:0:0:1 - - [01/июн./2018:17:39:44 +0300] "GET /files/fitnesse/bootstrap/css/fitnesse-bootstrap.css HTTP/1.1" 304 0
0:0:0:0:0:0:0:1 - - [01/июн./2018:17:39:44 +0300] "GET /files/fitnesse/javascript/jquery-1.11.3.min.js HTTP/1.1" 304 0
0:0:0:0:0:0:0:1 - - [01/июн./2018:17:39:44 +0300] "GET /files/fitnesse/javascript/fitnesse.js HTTP/1.1" 304 0
0:0:0:0:0:0:0:1 - - [01/июн./2018:17:39:44 +0300] "GET /files/fitnesse/bootstrap/js/bootstrap.js HTTP/1.1" 304 0
0:0:0:0:0:0:0:1 - - [01/июн./2018:17:39:44 +0300] "GET /files/fitnesse/bootstrap/js/respond.js HTTP/1.1" 304 0
0:0:0:0:0:0:0:1 - - [01/июн./2018:17:39:44 +0300] "GET /files/fitnesse/javascript/mousetrap.min.js HTTP/1.1" 304 0
0:0:0:0:0:0:0:1 - - [01/июн./2018:17:39:44 +0300] "GET /files/fitnesse/images/fitnesse-logo-small.png HTTP/1.1" 304 0
0:0:0:0:0:0:0:1 - - [01/июн./2018:17:39:51 +0300] "GET /FrontPage.GoogleChrome.InstrumentStatic HTTP/1.1" 200 12533
0:0:0:0:0:0:0:1 - - [01/июн./2018:17:39:51 +0300] "GET /files/fitnesse/css/fitnesse_wiki.css HTTP/1.1" 304 0
0:0:0:0:0:0:0:1 - - [01/июн./2018:17:39:51 +0300] "GET /files/fitnesse/bootstrap/css/fitnesse-bootstrap.css HTTP/1.1" 304 0
0:0:0:0:0:0:0:1 - - [01/июн./2018:17:39:51 +0300] "GET /files/fitnesse/javascript/jquery-1.11.3.min.js HTTP/1.1" 304 0
0:0:0:0:0:0:0:1 - - [01/июн./2018:17:39:51 +0300] "GET /files/fitnesse/javascript/fitnesse.js HTTP/1.1" 304 0
0:0:0:0:0:0:0:1 - - [01/июн./2018:17:39:51 +0300] "GET /files/fitnesse/css/fitnesse_pages.css HTTP/1.1" 304 0
0:0:0:0:0:0:0:1 - - [01/июн./2018:17:39:51 +0300] "GET /files/fitnesse/wysiwyg/wysiwyg.css HTTP/1.1" 304 0
0:0:0:0:0:0:0:1 - - [01/июн./2018:17:39:51 +0300] "GET /files/fitnesse/bootstrap/js/bootstrap.js HTTP/1.1" 304 0
0:0:0:0:0:0:0:1 - - [01/июн./2018:17:39:51 +0300] "GET /files/fitnesse/javascript/mousetrap.min.js HTTP/1.1" 304 0
0:0:0:0:0:0:0:1 - - [01/июн./2018:17:39:51 +0300] "GET /files/fitnesse/bootstrap/js/respond.js HTTP/1.1" 304 0
0:0:0:0:0:0:0:1 - - [01/июн./2018:17:39:51 +0300] "GET /files/fitnesse/images/fitnesse-logo-small.png HTTP/1.1" 304 0
0:0:0:0:0:0:0:1 - - [01/июн./2018:17:39:55 +0300] "GET /files/fitnesse/wysiwyg/wysiwyg.css HTTP/1.1" 304 0
0:0:0:0:0:0:0:1 - - [01/июн./2018:17:39:55 +0300] "GET /files/fitnesse/bootstrap/css/fitnesse-bootstrap.css HTTP/1.1" 304 0
0:0:0:0:0:0:0:1 - - [01/июн./2018:17:39:55 +0300] "GET /files/fitnesse/javascript/jquery-1.11.3.min.js HTTP/1.1" 304 0
0:0:0:0:0:0:0:1 - - [01/июн./2018:17:39:55 +0300] "GET /files/fitnesse/css/fitnesse_wiki.css HTTP/1.1" 304 0
0:0:0:0:0:0:0:1 - - [01/июн./2018:17:39:55 +0300] "GET /files/fitnesse/css/fitnesse_pages.css HTTP/1.1" 304 0
0:0:0:0:0:0:0:1 - - [01/июн./2018:17:39:55 +0300] "GET /files/fitnesse/javascript/fitnesse.js HTTP/1.1" 304 0
0:0:0:0:0:0:0:1 - - [01/июн./2018:17:39:55 +0300] "GET /files/fitnesse/bootstrap/js/bootstrap.js HTTP/1.1" 304 0
0:0:0:0:0:0:0:1 - - [01/июн./2018:17:39:55 +0300] "GET /files/fitnesse/bootstrap/js/respond.js HTTP/1.1" 304 0
0:0:0:0:0:0:0:1 - - [01/июн./2018:17:39:55 +0300] "GET /files/fitnesse/images/fitnesse-logo-small.png HTTP/1.1" 304 0
0:0:0:0:0:0:0:1 - - [01/июн./2018:17:47:19 +0300] "GET /files/fitnesse/images/collapsibleClosed.png HTTP/1.1" 200 1748
0:0:0:0:0:0:0:1 - - [01/июн./2018:17:47:19 +0300] "GET /files/fitnesse/images/exception.png HTTP/1.1" 200 3104
0:0:0:0:0:0:0:1 - - [01/июн./2018:17:47:19 +0300] "GET /files/fitnesse/images/checkmark.png HTTP/1.1" 200 3110
0:0:0:0:0:0:0:1 - - [01/июн./2018:17:57:34 +0300] "GET /files/fitnesse/images/wrong.png HTTP/1.1" 200 3145
0:0:0:0:0:0:0:1 - - [01/июн./2018:17:57:35 +0300] "GET /FrontPage.GoogleChrome.InstrumentStatic?responder=stoptest&id=1 HTTP/1.1" 200 1993
0:0:0:0:0:0:0:1 - - [01/июн./2018:17:57:35 +0300] "GET /FrontPage.GoogleChrome.InstrumentStatic?suite HTTP/1.1" 200 778687
0:0:0:0:0:0:0:1 - - [01/июн./2018:17:57:35 +0300] "GET /files/fitnesse/javascript/mousetrap.min.js HTTP/1.1" 304 0
0:0:0:0:0:0:0:1 - - [01/июн./2018:17:57:37 +0300] "GET /FrontPage HTTP/1.1" 200 7991
0:0:0:0:0:0:0:1 - - [01/июн./2018:17:57:37 +0300] "GET /files/fitnesse/css/fitnesse_wiki.css HTTP/1.1" 304 0
0:0:0:0:0:0:0:1 - - [01/июн./2018:17:57:37 +0300] "GET /files/fitnesse/css/fitnesse_pages.css HTTP/1.1" 304 0
0:0:0:0:0:0:0:1 - - [01/июн./2018:17:57:37 +0300] "GET /files/fitnesse/wysiwyg/wysiwyg.css HTTP/1.1" 304 0
0:0:0:0:0:0:0:1 - - [01/июн./2018:17:57:37 +0300] "GET /files/fitnesse/javascript/mousetrap.min.js HTTP/1.1" 304 0
0:0:0:0:0:0:0:1 - - [01/июн./2018:17:57:37 +0300] "GET /files/fitnesse/javascript/jquery-1.11.3.min.js HTTP/1.1" 304 0
0:0:0:0:0:0:0:1 - - [01/июн./2018:17:57:37 +0300] "GET /files/fitnesse/javascript/fitnesse.js HTTP/1.1" 304 0
0:0:0:0:0:0:0:1 - - [01/июн./2018:17:57:37 +0300] "GET /files/fitnesse/bootstrap/css/fitnesse-bootstrap.css HTTP/1.1" 304 0
0:0:0:0:0:0:0:1 - - [01/июн./2018:17:57:37 +0300] "GET /files/fitnesse/bootstrap/js/respond.js HTTP/1.1" 304 0
0:0:0:0:0:0:0:1 - - [01/июн./2018:17:57:37 +0300] "GET /files/fitnesse/bootstrap/js/bootstrap.js HTTP/1.1" 304 0
0:0:0:0:0:0:0:1 - - [01/июн./2018:17:57:37 +0300] "GET /files/fitnesse/images/fitnesse-logo-small.png HTTP/1.1" 304 0
0:0:0:0:0:0:0:1 - - [01/июн./2018:18:03:47 +0300] "GET /FrontPage.GoogleChrome HTTP/1.1" 200 9665
0:0:0:0:0:0:0:1 - - [01/июн./2018:18:03:47 +0300] "GET /files/fitnesse/css/fitnesse_pages.css HTTP/1.1" 304 0
0:0:0:0:0:0:0:1 - - [01/июн./2018:18:03:47 +0300] "GET /files/fitnesse/wysiwyg/wysiwyg.css HTTP/1.1" 304 0
0:0:0:0:0:0:0:1 - - [01/июн./2018:18:03:47 +0300] "GET /files/fitnesse/bootstrap/css/fitnesse-bootstrap.css HTTP/1.1" 304 0
0:0:0:0:0:0:0:1 - - [01/июн./2018:18:03:47 +0300] "GET /files/fitnesse/javascript/jquery-1.11.3.min.js HTTP/1.1" 304 0
0:0:0:0:0:0:0:1 - - [01/июн./2018:18:03:47 +0300] "GET /files/fitnesse/javascript/fitnesse.js HTTP/1.1" 304 0
0:0:0:0:0:0:0:1 - - [01/июн./2018:18:03:47 +0300] "GET /files/fitnesse/bootstrap/js/bootstrap.js HTTP/1.1" 304 0
0:0:0:0:0:0:0:1 - - [01/июн./2018:18:03:47 +0300] "GET /files/fitnesse/bootstrap/js/respond.js HTTP/1.1" 304 0
0:0:0:0:0:0:0:1 - - [01/июн./2018:18:03:47 +0300] "GET /files/fitnesse/javascript/mousetrap.min.js HTTP/1.1" 304 0
0:0:0:0:0:0:0:1 - - [01/июн./2018:18:03:47 +0300] "GET /files/fitnesse/css/fitnesse_wiki.css HTTP/1.1" 304 0
0:0:0:0:0:0:0:1 - - [01/июн./2018:18:03:48 +0300] "GET /files/fitnesse/images/fitnesse-logo-small.png HTTP/1.1" 304 0
0:0:0:0:0:0:0:1 - - [01/июн./2018:18:04:28 +0300] "GET /FrontPage.GoogleChrome.InstrumentStatic HTTP/1.1" 200 12533
0:0:0:0:0:0:0:1 - - [01/июн./2018:18:04:28 +0300] "GET /files/fitnesse/wysiwyg/wysiwyg.css HTTP/1.1" 304 0
0:0:0:0:0:0:0:1 - - [01/июн./2018:18:04:28 +0300] "GET /files/fitnesse/css/fitnesse_pages.css HTTP/1.1" 304 0
0:0:0:0:0:0:0:1 - - [01/июн./2018:18:04:28 +0300] "GET /files/fitnesse/javascript/jquery-1.11.3.min.js HTTP/1.1" 304 0
0:0:0:0:0:0:0:1 - - [01/июн./2018:18:04:28 +0300] "GET /files/fitnesse/bootstrap/css/fitnesse-bootstrap.css HTTP/1.1" 304 0
0:0:0:0:0:0:0:1 - - [01/июн./2018:18:04:28 +0300] "GET /files/fitnesse/css/fitnesse_wiki.css HTTP/1.1" 304 0
0:0:0:0:0:0:0:1 - - [01/июн./2018:18:04:28 +0300] "GET /files/fitnesse/javascript/fitnesse.js HTTP/1.1" 304 0
0:0:0:0:0:0:0:1 - - [01/июн./2018:18:04:28 +0300] "GET /files/fitnesse/bootstrap/js/bootstrap.js HTTP/1.1" 304 0
0:0:0:0:0:0:0:1 - - [01/июн./2018:18:04:28 +0300] "GET /files/fitnesse/bootstrap/js/respond.js HTTP/1.1" 304 0
0:0:0:0:0:0:0:1 - - [01/июн./2018:18:04:28 +0300] "GET /files/fitnesse/javascript/mousetrap.min.js HTTP/1.1" 304 0
0:0:0:0:0:0:0:1 - - [01/июн./2018:18:04:29 +0300] "GET /files/fitnesse/images/fitnesse-logo-small.png HTTP/1.1" 304 0
0:0:0:0:0:0:0:1 - - [01/июн./2018:18:04:32 +0300] "GET /FrontPage.GoogleChrome.InstrumentStatic.PartI HTTP/1.1" 200 9967
0:0:0:0:0:0:0:1 - - [01/июн./2018:18:04:33 +0300] "GET /files/fitnesse/css/fitnesse_pages.css HTTP/1.1" 304 0
0:0:0:0:0:0:0:1 - - [01/июн./2018:18:04:33 +0300] "GET /files/fitnesse/javascript/jquery-1.11.3.min.js HTTP/1.1" 304 0
0:0:0:0:0:0:0:1 - - [01/июн./2018:18:04:33 +0300] "GET /files/fitnesse/wysiwyg/wysiwyg.css HTTP/1.1" 304 0
0:0:0:0:0:0:0:1 - - [01/июн./2018:18:04:33 +0300] "GET /files/fitnesse/javascript/fitnesse.js HTTP/1.1" 304 0
0:0:0:0:0:0:0:1 - - [01/июн./2018:18:04:33 +0300] "GET /files/fitnesse/css/fitnesse_wiki.css HTTP/1.1" 304 0
0:0:0:0:0:0:0:1 - - [01/июн./2018:18:04:33 +0300] "GET /files/fitnesse/bootstrap/css/fitnesse-bootstrap.css HTTP/1.1" 304 0
0:0:0:0:0:0:0:1 - - [01/июн./2018:18:04:33 +0300] "GET /files/fitnesse/bootstrap/js/bootstrap.js HTTP/1.1" 304 0
0:0:0:0:0:0:0:1 - - [01/июн./2018:18:04:33 +0300] "GET /files/fitnesse/bootstrap/js/respond.js HTTP/1.1" 304 0
0:0:0:0:0:0:0:1 - - [01/июн./2018:18:04:33 +0300] "GET /files/fitnesse/javascript/mousetrap.min.js HTTP/1.1" 304 0
0:0:0:0:0:0:0:1 - - [01/июн./2018:18:04:33 +0300] "GET /files/fitnesse/images/fitnesse-logo-small.png HTTP/1.1" 304 0
0:0:0:0:0:0:0:1 - - [01/июн./2018:18:04:34 +0300] "GET /FrontPage.GoogleChrome.InstrumentStatic.PartII HTTP/1.1" 200 10090
0:0:0:0:0:0:0:1 - - [01/июн./2018:18:04:34 +0300] "GET /files/fitnesse/wysiwyg/wysiwyg.css HTTP/1.1" 304 0
0:0:0:0:0:0:0:1 - - [01/июн./2018:18:04:34 +0300] "GET /files/fitnesse/css/fitnesse_wiki.css HTTP/1.1" 304 0
0:0:0:0:0:0:0:1 - - [01/июн./2018:18:04:34 +0300] "GET /files/fitnesse/bootstrap/css/fitnesse-bootstrap.css HTTP/1.1" 304 0
0:0:0:0:0:0:0:1 - - [01/июн./2018:18:04:34 +0300] "GET /files/fitnesse/javascript/jquery-1.11.3.min.js HTTP/1.1" 304 0
0:0:0:0:0:0:0:1 - - [01/июн./2018:18:04:34 +0300] "GET /files/fitnesse/javascript/fitnesse.js HTTP/1.1" 304 0
0:0:0:0:0:0:0:1 - - [01/июн./2018:18:04:34 +0300] "GET /files/fitnesse/css/fitnesse_pages.css HTTP/1.1" 304 0
0:0:0:0:0:0:0:1 - - [01/июн./2018:18:04:34 +0300] "GET /files/fitnesse/bootstrap/js/bootstrap.js HTTP/1.1" 304 0
0:0:0:0:0:0:0:1 - - [01/июн./2018:18:04:34 +0300] "GET /files/fitnesse/bootstrap/js/respond.js HTTP/1.1" 304 0
0:0:0:0:0:0:0:1 - - [01/июн./2018:18:04:34 +0300] "GET /files/fitnesse/javascript/mousetrap.min.js HTTP/1.1" 304 0
0:0:0:0:0:0:0:1 - - [01/июн./2018:18:04:34 +0300] "GET /files/fitnesse/images/fitnesse-logo-small.png HTTP/1.1" 304 0
0:0:0:0:0:0:0:1 - - [01/июн./2018:18:04:35 +0300] "GET /FrontPage.GoogleChrome.InstrumentStatic.PartIII HTTP/1.1" 200 10137
0:0:0:0:0:0:0:1 - - [01/июн./2018:18:04:35 +0300] "GET /files/fitnesse/bootstrap/css/fitnesse-bootstrap.css HTTP/1.1" 304 0
0:0:0:0:0:0:0:1 - - [01/июн./2018:18:04:35 +0300] "GET /files/fitnesse/css/fitnesse_pages.css HTTP/1.1" 304 0
0:0:0:0:0:0:0:1 - - [01/июн./2018:18:04:35 +0300] "GET /files/fitnesse/wysiwyg/wysiwyg.css HTTP/1.1" 304 0
0:0:0:0:0:0:0:1 - - [01/июн./2018:18:04:35 +0300] "GET /files/fitnesse/javascript/jquery-1.11.3.min.js HTTP/1.1" 304 0
0:0:0:0:0:0:0:1 - - [01/июн./2018:18:04:35 +0300] "GET /files/fitnesse/javascript/fitnesse.js HTTP/1.1" 304 0
0:0:0:0:0:0:0:1 - - [01/июн./2018:18:04:35 +0300] "GET /files/fitnesse/css/fitnesse_wiki.css HTTP/1.1" 304 0
0:0:0:0:0:0:0:1 - - [01/июн./2018:18:04:35 +0300] "GET /files/fitnesse/bootstrap/js/respond.js HTTP/1.1" 304 0
0:0:0:0:0:0:0:1 - - [01/июн./2018:18:04:35 +0300] "GET /files/fitnesse/javascript/mousetrap.min.js HTTP/1.1" 304 0
0:0:0:0:0:0:0:1 - - [01/июн./2018:18:04:35 +0300] "GET /files/fitnesse/bootstrap/js/bootstrap.js HTTP/1.1" 304 0
0:0:0:0:0:0:0:1 - - [01/июн./2018:18:04:35 +0300] "GET /files/fitnesse/images/fitnesse-logo-small.png HTTP/1.1" 304 0
0:0:0:0:0:0:0:1 - - [01/июн./2018:18:04:38 +0300] "GET /FrontPage.GoogleChrome.InstrumentStatic.PartIV HTTP/1.1" 200 10129
0:0:0:0:0:0:0:1 - - [01/июн./2018:18:04:39 +0300] "GET /files/fitnesse/css/fitnesse_wiki.css HTTP/1.1" 304 0
0:0:0:0:0:0:0:1 - - [01/июн./2018:18:04:39 +0300] "GET /files/fitnesse/css/fitnesse_pages.css HTTP/1.1" 304 0
0:0:0:0:0:0:0:1 - - [01/июн./2018:18:04:39 +0300] "GET /files/fitnesse/wysiwyg/wysiwyg.css HTTP/1.1" 304 0
0:0:0:0:0:0:0:1 - - [01/июн./2018:18:04:39 +0300] "GET /files/fitnesse/bootstrap/css/fitnesse-bootstrap.css HTTP/1.1" 304 0
0:0:0:0:0:0:0:1 - - [01/июн./2018:18:04:39 +0300] "GET /files/fitnesse/javascript/jquery-1.11.3.min.js HTTP/1.1" 304 0
0:0:0:0:0:0:0:1 - - [01/июн./2018:18:04:39 +0300] "GET /files/fitnesse/javascript/fitnesse.js HTTP/1.1" 304 0
0:0:0:0:0:0:0:1 - - [01/июн./2018:18:04:39 +0300] "GET /files/fitnesse/bootstrap/js/bootstrap.js HTTP/1.1" 304 0
0:0:0:0:0:0:0:1 - - [01/июн./2018:18:04:39 +0300] "GET /files/fitnesse/bootstrap/js/respond.js HTTP/1.1" 304 0
0:0:0:0:0:0:0:1 - - [01/июн./2018:18:04:39 +0300] "GET /files/fitnesse/javascript/mousetrap.min.js HTTP/1.1" 304 0
0:0:0:0:0:0:0:1 - - [01/июн./2018:18:04:39 +0300] "GET /files/fitnesse/images/fitnesse-logo-small.png HTTP/1.1" 304 0
0:0:0:0:0:0:0:1 - - [01/июн./2018:18:12:37 +0300] "GET /files/fitnesse/bootstrap/css/fitnesse-bootstrap.css HTTP/1.1" 304 0
0:0:0:0:0:0:0:1 - - [01/июн./2018:18:12:37 +0300] "GET /files/fitnesse/css/fitnesse_pages.css HTTP/1.1" 304 0
0:0:0:0:0:0:0:1 - - [01/июн./2018:18:12:37 +0300] "GET /files/fitnesse/wysiwyg/wysiwyg.css HTTP/1.1" 304 0
0:0:0:0:0:0:0:1 - - [01/июн./2018:18:12:37 +0300] "GET /files/fitnesse/css/fitnesse_wiki.css HTTP/1.1" 304 0
0:0:0:0:0:0:0:1 - - [01/июн./2018:18:12:37 +0300] "GET /files/fitnesse/javascript/jquery-1.11.3.min.js HTTP/1.1" 304 0
0:0:0:0:0:0:0:1 - - [01/июн./2018:18:12:37 +0300] "GET /files/fitnesse/javascript/fitnesse.js HTTP/1.1" 304 0
0:0:0:0:0:0:0:1 - - [01/июн./2018:18:12:37 +0300] "GET /files/fitnesse/bootstrap/js/bootstrap.js HTTP/1.1" 304 0
0:0:0:0:0:0:0:1 - - [01/июн./2018:18:12:37 +0300] "GET /files/fitnesse/bootstrap/js/respond.js HTTP/1.1" 304 0
0:0:0:0:0:0:0:1 - - [01/июн./2018:18:12:37 +0300] "GET /files/fitnesse/images/fitnesse-logo-small.png HTTP/1.1" 304 0
0:0:0:0:0:0:0:1 - - [01/июн./2018:18:16:57 +0300] "GET /FrontPage.GoogleChrome.InstrumentStatic.PartI?suite HTTP/1.1" 200 93985
0:0:0:0:0:0:0:1 - - [01/июн./2018:18:16:57 +0300] "GET /files/fitnesse/javascript/mousetrap.min.js HTTP/1.1" 304 0
0:0:0:0:0:0:0:1 - - [01/июн./2018:18:16:57 +0300] "GET /files/fitnesse/images/collapsibleClosed.png HTTP/1.1" 304 0
0:0:0:0:0:0:0:1 - - [01/июн./2018:18:16:57 +0300] "GET /files/fitnesse/images/exception.png HTTP/1.1" 304 0
0:0:0:0:0:0:0:1 - - [01/июн./2018:18:16:57 +0300] "GET /files/fitnesse/images/checkmark.png HTTP/1.1" 304 0
0:0:0:0:0:0:0:1 - - [01/июн./2018:18:18:24 +0300] "GET /files/fitnesse/images/collapsibleOpen.png HTTP/1.1" 200 1784
0:0:0:0:0:0:0:1 - - [01/июн./2018:18:46:07 +0300] "GET /FrontPage.GoogleChrome.InstrumentStatic.PartI HTTP/1.1" 200 9967
0:0:0:0:0:0:0:1 - - [01/июн./2018:18:46:07 +0300] "GET /files/fitnesse/javascript/jquery-1.11.3.min.js HTTP/1.1" 304 0
0:0:0:0:0:0:0:1 - - [01/июн./2018:18:46:07 +0300] "GET /files/fitnesse/bootstrap/css/fitnesse-bootstrap.css HTTP/1.1" 304 0
0:0:0:0:0:0:0:1 - - [01/июн./2018:18:46:07 +0300] "GET /files/fitnesse/wysiwyg/wysiwyg.css HTTP/1.1" 304 0
0:0:0:0:0:0:0:1 - - [01/июн./2018:18:46:07 +0300] "GET /files/fitnesse/bootstrap/js/bootstrap.js HTTP/1.1" 304 0
0:0:0:0:0:0:0:1 - - [01/июн./2018:18:46:07 +0300] "GET /files/fitnesse/css/fitnesse_pages.css HTTP/1.1" 304 0
0:0:0:0:0:0:0:1 - - [01/июн./2018:18:46:07 +0300] "GET /files/fitnesse/bootstrap/js/respond.js HTTP/1.1" 304 0
0:0:0:0:0:0:0:1 - - [01/июн./2018:18:46:07 +0300] "GET /files/fitnesse/javascript/mousetrap.min.js HTTP/1.1" 304 0
0:0:0:0:0:0:0:1 - - [01/июн./2018:18:46:07 +0300] "GET /files/fitnesse/css/fitnesse_wiki.css HTTP/1.1" 304 0
0:0:0:0:0:0:0:1 - - [01/июн./2018:18:46:07 +0300] "GET /files/fitnesse/javascript/fitnesse.js HTTP/1.1" 304 0
0:0:0:0:0:0:0:1 - - [01/июн./2018:18:46:07 +0300] "GET /files/fitnesse/images/fitnesse-logo-small.png HTTP/1.1" 304 0
0:0:0:0:0:0:0:1 - - [01/июн./2018:19:10:52 +0300] "GET /FrontPage.GoogleChrome.InstrumentStatic.PartI.CodeSetsTabModification HTTP/1.1" 200 14023
0:0:0:0:0:0:0:1 - - [01/июн./2018:19:10:52 +0300] "GET /files/fitnesse/javascript/jquery-1.11.3.min.js HTTP/1.1" 304 0
0:0:0:0:0:0:0:1 - - [01/июн./2018:19:10:52 +0300] "GET /files/fitnesse/bootstrap/css/fitnesse-bootstrap.css HTTP/1.1" 304 0
0:0:0:0:0:0:0:1 - - [01/июн./2018:19:10:52 +0300] "GET /files/fitnesse/wysiwyg/wysiwyg.css HTTP/1.1" 304 0
0:0:0:0:0:0:0:1 - - [01/июн./2018:19:10:52 +0300] "GET /files/fitnesse/css/fitnesse_pages.css HTTP/1.1" 304 0
0:0:0:0:0:0:0:1 - - [01/июн./2018:19:10:52 +0300] "GET /files/fitnesse/bootstrap/js/bootstrap.js HTTP/1.1" 304 0
0:0:0:0:0:0:0:1 - - [01/июн./2018:19:10:52 +0300] "GET /files/fitnesse/javascript/mousetrap.min.js HTTP/1.1" 304 0
0:0:0:0:0:0:0:1 - - [01/июн./2018:19:10:52 +0300] "GET /files/fitnesse/bootstrap/js/respond.js HTTP/1.1" 304 0
0:0:0:0:0:0:0:1 - - [01/июн./2018:19:10:52 +0300] "GET /files/fitnesse/css/fitnesse_wiki.css HTTP/1.1" 304 0
0:0:0:0:0:0:0:1 - - [01/июн./2018:19:10:52 +0300] "GET /files/fitnesse/javascript/fitnesse.js HTTP/1.1" 304 0
0:0:0:0:0:0:0:1 - - [01/июн./2018:19:10:52 +0300] "GET /files/fitnesse/images/fitnesse-logo-small.png HTTP/1.1" 304 0
0:0:0:0:0:0:0:1 - - [01/июн./2018:19:11:31 +0300] "GET /FrontPage.GoogleChrome.InstrumentStatic.PartI HTTP/1.1" 200 9967
0:0:0:0:0:0:0:1 - - [01/июн./2018:19:11:31 +0300] "GET /files/fitnesse/css/fitnesse_wiki.css HTTP/1.1" 304 0
0:0:0:0:0:0:0:1 - - [01/июн./2018:19:11:31 +0300] "GET /files/fitnesse/css/fitnesse_pages.css HTTP/1.1" 304 0
0:0:0:0:0:0:0:1 - - [01/июн./2018:19:11:31 +0300] "GET /files/fitnesse/bootstrap/css/fitnesse-bootstrap.css HTTP/1.1" 304 0
0:0:0:0:0:0:0:1 - - [01/июн./2018:19:11:31 +0300] "GET /files/fitnesse/wysiwyg/wysiwyg.css HTTP/1.1" 304 0
0:0:0:0:0:0:0:1 - - [01/июн./2018:19:11:31 +0300] "GET /files/fitnesse/javascript/fitnesse.js HTTP/1.1" 304 0
0:0:0:0:0:0:0:1 - - [01/июн./2018:19:11:31 +0300] "GET /files/fitnesse/bootstrap/js/bootstrap.js HTTP/1.1" 304 0
0:0:0:0:0:0:0:1 - - [01/июн./2018:19:11:31 +0300] "GET /files/fitnesse/javascript/jquery-1.11.3.min.js HTTP/1.1" 304 0
0:0:0:0:0:0:0:1 - - [01/июн./2018:19:11:31 +0300] "GET /files/fitnesse/bootstrap/js/respond.js HTTP/1.1" 304 0
0:0:0:0:0:0:0:1 - - [01/июн./2018:19:11:31 +0300] "GET /files/fitnesse/javascript/mousetrap.min.js HTTP/1.1" 304 0
0:0:0:0:0:0:0:1 - - [01/июн./2018:19:11:31 +0300] "GET /files/fitnesse/images/fitnesse-logo-small.png HTTP/1.1" 304 0
0:0:0:0:0:0:0:1 - - [01/июн./2018:19:11:32 +0300] "GET /FrontPage.GoogleChrome.InstrumentStatic.PartI.ComissionTabModification HTTP/1.1" 200 18846
0:0:0:0:0:0:0:1 - - [01/июн./2018:19:11:32 +0300] "GET /files/fitnesse/css/fitnesse_pages.css HTTP/1.1" 304 0
0:0:0:0:0:0:0:1 - - [01/июн./2018:19:11:32 +0300] "GET /files/fitnesse/css/fitnesse_wiki.css HTTP/1.1" 304 0
0:0:0:0:0:0:0:1 - - [01/июн./2018:19:11:32 +0300] "GET /files/fitnesse/wysiwyg/wysiwyg.css HTTP/1.1" 304 0
0:0:0:0:0:0:0:1 - - [01/июн./2018:19:11:32 +0300] "GET /files/fitnesse/bootstrap/css/fitnesse-bootstrap.css HTTP/1.1" 304 0
0:0:0:0:0:0:0:1 - - [01/июн./2018:19:11:32 +0300] "GET /files/fitnesse/javascript/jquery-1.11.3.min.js HTTP/1.1" 304 0
0:0:0:0:0:0:0:1 - - [01/июн./2018:19:11:32 +0300] "GET /files/fitnesse/javascript/fitnesse.js HTTP/1.1" 304 0
0:0:0:0:0:0:0:1 - - [01/июн./2018:19:11:32 +0300] "GET /files/fitnesse/bootstrap/js/bootstrap.js HTTP/1.1" 304 0
0:0:0:0:0:0:0:1 - - [01/июн./2018:19:11:32 +0300] "GET /files/fitnesse/javascript/mousetrap.min.js HTTP/1.1" 304 0
0:0:0:0:0:0:0:1 - - [01/июн./2018:19:11:32 +0300] "GET /files/fitnesse/bootstrap/js/respond.js HTTP/1.1" 304 0
0:0:0:0:0:0:0:1 - - [01/июн./2018:19:11:32 +0300] "GET /files/fitnesse/images/fitnesse-logo-small.png HTTP/1.1" 304 0
0:0:0:0:0:0:0:1 - - [01/июн./2018:19:11:49 +0300] "GET /FrontPage.GoogleChrome.InstrumentStatic.PartI HTTP/1.1" 200 9967
0:0:0:0:0:0:0:1 - - [01/июн./2018:19:11:50 +0300] "GET /files/fitnesse/css/fitnesse_wiki.css HTTP/1.1" 304 0
0:0:0:0:0:0:0:1 - - [01/июн./2018:19:11:50 +0300] "GET /files/fitnesse/css/fitnesse_pages.css HTTP/1.1" 304 0
0:0:0:0:0:0:0:1 - - [01/июн./2018:19:11:50 +0300] "GET /files/fitnesse/wysiwyg/wysiwyg.css HTTP/1.1" 304 0
0:0:0:0:0:0:0:1 - - [01/июн./2018:19:11:50 +0300] "GET /files/fitnesse/javascript/jquery-1.11.3.min.js HTTP/1.1" 304 0
0:0:0:0:0:0:0:1 - - [01/июн./2018:19:11:50 +0300] "GET /files/fitnesse/bootstrap/css/fitnesse-bootstrap.css HTTP/1.1" 304 0
0:0:0:0:0:0:0:1 - - [01/июн./2018:19:11:50 +0300] "GET /files/fitnesse/javascript/fitnesse.js HTTP/1.1" 304 0
0:0:0:0:0:0:0:1 - - [01/июн./2018:19:11:50 +0300] "GET /files/fitnesse/bootstrap/js/bootstrap.js HTTP/1.1" 304 0
0:0:0:0:0:0:0:1 - - [01/июн./2018:19:11:50 +0300] "GET /files/fitnesse/javascript/mousetrap.min.js HTTP/1.1" 304 0
0:0:0:0:0:0:0:1 - - [01/июн./2018:19:11:50 +0300] "GET /files/fitnesse/bootstrap/js/respond.js HTTP/1.1" 304 0
0:0:0:0:0:0:0:1 - - [01/июн./2018:19:11:50 +0300] "GET /files/fitnesse/images/fitnesse-logo-small.png HTTP/1.1" 304 0
0:0:0:0:0:0:0:1 - - [01/июн./2018:19:12:06 +0300] "GET /files/fitnesse/bootstrap/css/fitnesse-bootstrap.css HTTP/1.1" 304 0
0:0:0:0:0:0:0:1 - - [01/июн./2018:19:12:06 +0300] "GET /files/fitnesse/wysiwyg/wysiwyg.css HTTP/1.1" 304 0
0:0:0:0:0:0:0:1 - - [01/июн./2018:19:12:06 +0300] "GET /files/fitnesse/css/fitnesse_pages.css HTTP/1.1" 304 0
0:0:0:0:0:0:0:1 - - [01/июн./2018:19:12:06 +0300] "GET /files/fitnesse/css/fitnesse_wiki.css HTTP/1.1" 304 0
0:0:0:0:0:0:0:1 - - [01/июн./2018:19:12:06 +0300] "GET /files/fitnesse/javascript/fitnesse.js HTTP/1.1" 304 0
0:0:0:0:0:0:0:1 - - [01/июн./2018:19:12:06 +0300] "GET /files/fitnesse/bootstrap/js/bootstrap.js HTTP/1.1" 304 0
0:0:0:0:0:0:0:1 - - [01/июн./2018:19:12:06 +0300] "GET /files/fitnesse/javascript/jquery-1.11.3.min.js HTTP/1.1" 304 0
0:0:0:0:0:0:0:1 - - [01/июн./2018:19:12:06 +0300] "GET /files/fitnesse/bootstrap/js/respond.js HTTP/1.1" 304 0
0:0:0:0:0:0:0:1 - - [01/июн./2018:19:12:06 +0300] "GET /files/fitnesse/images/fitnesse-logo-small.png HTTP/1.1" 304 0
0:0:0:0:0:0:0:1 - - [01/июн./2018:19:12:56 +0300] "GET /files/fitnesse/images/checkmark.png HTTP/1.1" 304 0
0:0:0:0:0:0:0:1 - - [01/июн./2018:19:17:25 +0300] "GET /files/fitnesse/images/collapsibleClosed.png HTTP/1.1" 304 0
0:0:0:0:0:0:0:1 - - [01/июн./2018:19:17:50 +0300] "GET /files/fitnesse/images/exception.png HTTP/1.1" 304 0
0:0:0:0:0:0:0:1 - - [01/июн./2018:19:17:51 +0300] "GET /FrontPage.GoogleChrome.InstrumentStatic.PartI?suite HTTP/1.1" 200 124184
0:0:0:0:0:0:0:1 - - [01/июн./2018:19:17:51 +0300] "GET /files/fitnesse/javascript/mousetrap.min.js HTTP/1.1" 304 0
0:0:0:0:0:0:0:1 - - [01/июн./2018:19:20:22 +0300] "GET /files/fitnesse/images/collapsibleOpen.png HTTP/1.1" 304 0
0:0:0:0:0:0:0:1 - - [01/июн./2018:19:21:27 +0300] "GET /FrontPage.GoogleChrome.InstrumentStatic.PartI HTTP/1.1" 200 9967
0:0:0:0:0:0:0:1 - - [01/июн./2018:19:21:27 +0300] "GET /files/fitnesse/javascript/jquery-1.11.3.min.js HTTP/1.1" 304 0
0:0:0:0:0:0:0:1 - - [01/июн./2018:19:21:27 +0300] "GET /files/fitnesse/bootstrap/css/fitnesse-bootstrap.css HTTP/1.1" 304 0
0:0:0:0:0:0:0:1 - - [01/июн./2018:19:21:27 +0300] "GET /files/fitnesse/wysiwyg/wysiwyg.css HTTP/1.1" 304 0
0:0:0:0:0:0:0:1 - - [01/июн./2018:19:21:27 +0300] "GET /files/fitnesse/css/fitnesse_pages.css HTTP/1.1" 304 0
0:0:0:0:0:0:0:1 - - [01/июн./2018:19:21:27 +0300] "GET /files/fitnesse/bootstrap/js/bootstrap.js HTTP/1.1" 304 0
0:0:0:0:0:0:0:1 - - [01/июн./2018:19:21:27 +0300] "GET /files/fitnesse/bootstrap/js/respond.js HTTP/1.1" 304 0
0:0:0:0:0:0:0:1 - - [01/июн./2018:19:21:27 +0300] "GET /files/fitnesse/javascript/mousetrap.min.js HTTP/1.1" 304 0
0:0:0:0:0:0:0:1 - - [01/июн./2018:19:21:27 +0300] "GET /files/fitnesse/javascript/fitnesse.js HTTP/1.1" 304 0
0:0:0:0:0:0:0:1 - - [01/июн./2018:19:21:27 +0300] "GET /files/fitnesse/css/fitnesse_wiki.css HTTP/1.1" 304 0
0:0:0:0:0:0:0:1 - - [01/июн./2018:19:21:27 +0300] "GET /files/fitnesse/images/fitnesse-logo-small.png HTTP/1.1" 304 0
0:0:0:0:0:0:0:1 - - [01/июн./2018:19:21:28 +0300] "GET /FrontPage.GoogleChrome.InstrumentStatic.PartI.InstrumentStaticCreation HTTP/1.1" 200 14017
0:0:0:0:0:0:0:1 - - [01/июн./2018:19:21:28 +0300] "GET /files/fitnesse/css/fitnesse_wiki.css HTTP/1.1" 304 0
0:0:0:0:0:0:0:1 - - [01/июн./2018:19:21:28 +0300] "GET /files/fitnesse/css/fitnesse_pages.css HTTP/1.1" 304 0
0:0:0:0:0:0:0:1 - - [01/июн./2018:19:21:28 +0300] "GET /files/fitnesse/wysiwyg/wysiwyg.css HTTP/1.1" 304 0
0:0:0:0:0:0:0:1 - - [01/июн./2018:19:21:28 +0300] "GET /files/fitnesse/bootstrap/css/fitnesse-bootstrap.css HTTP/1.1" 304 0
0:0:0:0:0:0:0:1 - - [01/июн./2018:19:21:28 +0300] "GET /files/fitnesse/javascript/jquery-1.11.3.min.js HTTP/1.1" 304 0
0:0:0:0:0:0:0:1 - - [01/июн./2018:19:21:28 +0300] "GET /files/fitnesse/javascript/fitnesse.js HTTP/1.1" 304 0
0:0:0:0:0:0:0:1 - - [01/июн./2018:19:21:28 +0300] "GET /files/fitnesse/bootstrap/js/bootstrap.js HTTP/1.1" 304 0
0:0:0:0:0:0:0:1 - - [01/июн./2018:19:21:28 +0300] "GET /files/fitnesse/bootstrap/js/respond.js HTTP/1.1" 304 0
0:0:0:0:0:0:0:1 - - [01/июн./2018:19:21:28 +0300] "GET /files/fitnesse/javascript/mousetrap.min.js HTTP/1.1" 304 0
0:0:0:0:0:0:0:1 - - [01/июн./2018:19:21:28 +0300] "GET /files/fitnesse/images/fitnesse-logo-small.png HTTP/1.1" 304 0
0:0:0:0:0:0:0:1 - - [01/июн./2018:19:23:16 +0300] "GET /files/fitnesse/css/fitnesse_wiki.css HTTP/1.1" 304 0
0:0:0:0:0:0:0:1 - - [01/июн./2018:19:23:16 +0300] "GET /files/fitnesse/css/fitnesse_pages.css HTTP/1.1" 304 0
0:0:0:0:0:0:0:1 - - [01/июн./2018:19:23:16 +0300] "GET /files/fitnesse/bootstrap/js/bootstrap.js HTTP/1.1" 304 0
0:0:0:0:0:0:0:1 - - [01/июн./2018:19:23:16 +0300] "GET /files/fitnesse/bootstrap/css/fitnesse-bootstrap.css HTTP/1.1" 304 0
0:0:0:0:0:0:0:1 - - [01/июн./2018:19:23:16 +0300] "GET /files/fitnesse/javascript/jquery-1.11.3.min.js HTTP/1.1" 304 0
0:0:0:0:0:0:0:1 - - [01/июн./2018:19:23:16 +0300] "GET /files/fitnesse/javascript/fitnesse.js HTTP/1.1" 304 0
0:0:0:0:0:0:0:1 - - [01/июн./2018:19:23:16 +0300] "GET /files/fitnesse/wysiwyg/wysiwyg.css HTTP/1.1" 304 0
0:0:0:0:0:0:0:1 - - [01/июн./2018:19:23:16 +0300] "GET /files/fitnesse/bootstrap/js/respond.js HTTP/1.1" 304 0
0:0:0:0:0:0:0:1 - - [01/июн./2018:19:23:16 +0300] "GET /files/fitnesse/images/fitnesse-logo-small.png HTTP/1.1" 304 0
0:0:0:0:0:0:0:1 - - [01/июн./2018:19:25:27 +0300] "GET /FrontPage.GoogleChrome.InstrumentStatic.PartI.InstrumentStaticCreation?test HTTP/1.1" 200 98442
0:0:0:0:0:0:0:1 - - [01/июн./2018:19:25:27 +0300] "GET /files/fitnesse/javascript/mousetrap.min.js HTTP/1.1" 304 0
0:0:0:0:0:0:0:1 - - [01/июн./2018:19:25:27 +0300] "GET /files/fitnesse/images/collapsibleClosed.png HTTP/1.1" 304 0
0:0:0:0:0:0:0:1 - - [01/июн./2018:19:25:27 +0300] "GET /files/fitnesse/images/exception.png HTTP/1.1" 304 0
0:0:0:0:0:0:0:1 - - [01/июн./2018:19:32:40 +0300] "GET /FrontPage.GoogleChrome.InstrumentStatic.PartI.InstrumentStaticCreation HTTP/1.1" 200 14017
0:0:0:0:0:0:0:1 - - [01/июн./2018:19:32:40 +0300] "GET /files/fitnesse/css/fitnesse_wiki.css HTTP/1.1" 304 0
0:0:0:0:0:0:0:1 - - [01/июн./2018:19:32:40 +0300] "GET /files/fitnesse/css/fitnesse_pages.css HTTP/1.1" 304 0
0:0:0:0:0:0:0:1 - - [01/июн./2018:19:32:40 +0300] "GET /files/fitnesse/javascript/jquery-1.11.3.min.js HTTP/1.1" 304 0
0:0:0:0:0:0:0:1 - - [01/июн./2018:19:32:40 +0300] "GET /files/fitnesse/bootstrap/css/fitnesse-bootstrap.css HTTP/1.1" 304 0
0:0:0:0:0:0:0:1 - - [01/июн./2018:19:32:40 +0300] "GET /files/fitnesse/wysiwyg/wysiwyg.css HTTP/1.1" 304 0
0:0:0:0:0:0:0:1 - - [01/июн./2018:19:32:40 +0300] "GET /files/fitnesse/bootstrap/js/bootstrap.js HTTP/1.1" 304 0
0:0:0:0:0:0:0:1 - - [01/июн./2018:19:32:40 +0300] "GET /files/fitnesse/bootstrap/js/respond.js HTTP/1.1" 304 0
0:0:0:0:0:0:0:1 - - [01/июн./2018:19:32:40 +0300] "GET /files/fitnesse/javascript/fitnesse.js HTTP/1.1" 304 0
0:0:0:0:0:0:0:1 - - [01/июн./2018:19:32:40 +0300] "GET /files/fitnesse/javascript/mousetrap.min.js HTTP/1.1" 304 0
0:0:0:0:0:0:0:1 - - [01/июн./2018:19:32:40 +0300] "GET /files/fitnesse/images/fitnesse-logo-small.png HTTP/1.1" 304 0
0:0:0:0:0:0:0:1 - - [01/июн./2018:19:32:44 +0300] "GET /files/fitnesse/css/fitnesse_wiki.css HTTP/1.1" 304 0
0:0:0:0:0:0:0:1 - - [01/июн./2018:19:32:44 +0300] "GET /files/fitnesse/css/fitnesse_pages.css HTTP/1.1" 304 0
0:0:0:0:0:0:0:1 - - [01/июн./2018:19:32:44 +0300] "GET /files/fitnesse/wysiwyg/wysiwyg.css HTTP/1.1" 304 0
0:0:0:0:0:0:0:1 - - [01/июн./2018:19:32:44 +0300] "GET /files/fitnesse/bootstrap/css/fitnesse-bootstrap.css HTTP/1.1" 304 0
0:0:0:0:0:0:0:1 - - [01/июн./2018:19:32:44 +0300] "GET /files/fitnesse/javascript/jquery-1.11.3.min.js HTTP/1.1" 304 0
0:0:0:0:0:0:0:1 - - [01/июн./2018:19:32:44 +0300] "GET /files/fitnesse/javascript/fitnesse.js HTTP/1.1" 304 0
0:0:0:0:0:0:0:1 - - [01/июн./2018:19:32:44 +0300] "GET /files/fitnesse/bootstrap/js/bootstrap.js HTTP/1.1" 304 0
0:0:0:0:0:0:0:1 - - [01/июн./2018:19:32:44 +0300] "GET /files/fitnesse/bootstrap/js/respond.js HTTP/1.1" 304 0
0:0:0:0:0:0:0:1 - - [01/июн./2018:19:32:44 +0300] "GET /files/fitnesse/images/fitnesse-logo-small.png HTTP/1.1" 304 0
0:0:0:0:0:0:0:1 - - [01/июн./2018:19:33:56 +0300] "GET /FrontPage.GoogleChrome.InstrumentStatic.PartI.InstrumentStaticCreation?responder=stoptest&id=5 HTTP/1.1" 200 1993
0:0:0:0:0:0:0:1 - - [01/июн./2018:19:33:56 +0300] "GET /files/fitnesse/images/exception.png HTTP/1.1" 304 0
0:0:0:0:0:0:0:1 - - [01/июн./2018:19:33:56 +0300] "GET /FrontPage.GoogleChrome.InstrumentStatic.PartI.InstrumentStaticCreation?test HTTP/1.1" 200 13906
0:0:0:0:0:0:0:1 - - [01/июн./2018:19:33:56 +0300] "GET /files/fitnesse/javascript/mousetrap.min.js HTTP/1.1" 304 0
0:0:0:0:0:0:0:1 - - [01/июн./2018:19:33:59 +0300] "GET /FrontPage.GoogleChrome.InstrumentStatic.PartI.InstrumentStaticCreation HTTP/1.1" 200 14017
0:0:0:0:0:0:0:1 - - [01/июн./2018:19:33:59 +0300] "GET /files/fitnesse/css/fitnesse_wiki.css HTTP/1.1" 304 0
0:0:0:0:0:0:0:1 - - [01/июн./2018:19:33:59 +0300] "GET /files/fitnesse/css/fitnesse_pages.css HTTP/1.1" 304 0
0:0:0:0:0:0:0:1 - - [01/июн./2018:19:33:59 +0300] "GET /files/fitnesse/wysiwyg/wysiwyg.css HTTP/1.1" 304 0
0:0:0:0:0:0:0:1 - - [01/июн./2018:19:33:59 +0300] "GET /files/fitnesse/bootstrap/css/fitnesse-bootstrap.css HTTP/1.1" 304 0
0:0:0:0:0:0:0:1 - - [01/июн./2018:19:33:59 +0300] "GET /files/fitnesse/javascript/jquery-1.11.3.min.js HTTP/1.1" 304 0
0:0:0:0:0:0:0:1 - - [01/июн./2018:19:33:59 +0300] "GET /files/fitnesse/javascript/fitnesse.js HTTP/1.1" 304 0
0:0:0:0:0:0:0:1 - - [01/июн./2018:19:33:59 +0300] "GET /files/fitnesse/bootstrap/js/bootstrap.js HTTP/1.1" 304 0
0:0:0:0:0:0:0:1 - - [01/июн./2018:19:33:59 +0300] "GET /files/fitnesse/bootstrap/js/respond.js HTTP/1.1" 304 0
0:0:0:0:0:0:0:1 - - [01/июн./2018:19:33:59 +0300] "GET /files/fitnesse/javascript/mousetrap.min.js HTTP/1.1" 304 0
0:0:0:0:0:0:0:1 - - [01/июн./2018:19:33:59 +0300] "GET /files/fitnesse/images/fitnesse-logo-small.png HTTP/1.1" 304 0
